Summary of SPARK analysis
=========================

-----------------------------------------------------------------------------------------------------------
SPARK Analysis results        Total         Flow   Interval   CodePeer       Provers   Justified   Unproved
-----------------------------------------------------------------------------------------------------------
Data Dependencies                 2            .          .          .             .           .          2
Flow Dependencies                 .            .          .          .             .           .          .
Initialization                  177          177          .          .             .           .          .
Non-Aliasing                      .            .          .          .             .           .          .
Run-time Checks                 362            .          .          .    352 (CVC4)           .         10
Assertions                        .            .          .          .             .           .          .
Functional Contracts             31            .          .          .     26 (CVC4)           .          5
LSP Verification                  .            .          .          .             .           .          .
-----------------------------------------------------------------------------------------------------------
Total                           572    177 (31%)          .          .     378 (66%)           .    17 (3%)


Analyzed 22 units
in unit polyorb_hi, 1 subprograms and packages out of 1 analyzed
  PolyORB_HI at polyorb_hi.ads:35 flow analyzed (0 errors and 0 warnings) and proved (0 checks)
in unit polyorb_hi-epoch, 6 subprograms and packages out of 6 analyzed
  PolyORB_HI.Epoch at polyorb_hi-epoch.ads:34 flow analyzed (0 errors and 0 warnings) and proved (0 checks)
  PolyORB_HI.Epoch.Epoch_DataT at polyorb_hi-epoch.adb:42 flow analyzed (0 errors and 0 warnings) and proved (0 checks)
  PolyORB_HI.Epoch.Epoch_DataT.Set_Epoch at polyorb_hi-epoch.adb:44 flow analyzed (0 errors and 0 warnings) and proved (0 checks)
  PolyORB_HI.Epoch.Epoch_DataT.System_Startup_Time at polyorb_hi-epoch.adb:43 flow analyzed (0 errors and 0 warnings) and proved (0 checks)
  PolyORB_HI.Epoch.Set_Epoch at polyorb_hi-epoch.ads:47 flow analyzed (0 errors and 0 warnings) and proved (0 checks)
  PolyORB_HI.Epoch.System_Startup_Time at polyorb_hi-epoch.ads:43 flow analyzed (0 errors and 0 warnings) and proved (0 checks)
in unit polyorb_hi-errors, 1 subprograms and packages out of 1 analyzed
  PolyORB_HI.Errors at polyorb_hi-errors.ads:32 flow analyzed (0 errors and 0 warnings) and proved (0 checks)
in unit polyorb_hi-messages, 15 subprograms and packages out of 17 analyzed
  PolyORB_HI.Messages at polyorb_hi-messages.ads:37 flow analyzed (0 errors and 0 warnings) and proved (2 checks)
  PolyORB_HI.Messages.Encapsulate at polyorb_hi-messages.ads:110 flow analyzed (0 errors and 0 warnings) and proved (16 checks)
  PolyORB_HI.Messages.Is_Empty at polyorb_hi-messages.ads:94 flow analyzed (0 errors and 0 warnings) and proved (0 checks)
  PolyORB_HI.Messages.Length at polyorb_hi-messages.ads:71 flow analyzed (0 errors and 0 warnings) and proved (1 checks)
  PolyORB_HI.Messages.Message_TypePredicate at polyorb_hi-messages.ads:123 flow analyzed (0 errors and 0 warnings) and proved (1 checks)
  PolyORB_HI.Messages.Payload at polyorb_hi-messages.ads:97 flow analyzed (0 errors and 0 warnings) and proved (4 checks)
  PolyORB_HI.Messages.Read at polyorb_hi-messages.ads:75 flow analyzed (0 errors and 0 warnings) and proved (13 checks)
  PolyORB_HI.Messages.Reallocate at polyorb_hi-messages.ads:91 flow analyzed (0 errors and 0 warnings) and proved (0 checks)
  PolyORB_HI.Messages.Sender at polyorb_hi-messages.ads:106 flow analyzed (0 errors and 0 warnings) and proved (1 checks)
  PolyORB_HI.Messages.To_Buffer at polyorb_hi-messages.ads:67 flow analyzed (0 errors and 0 warnings) and proved (2 checks)
  PolyORB_HI.Messages.To_Length at polyorb_hi-messages.ads:66 flow analyzed (0 errors and 0 warnings) and proved (1 checks)
  PolyORB_HI.Messages.Valid at polyorb_hi-messages.ads:119 flow analyzed (0 errors and 0 warnings) and proved (0 checks)
  PolyORB_HI.Messages.Write at polyorb_hi-messages.ads:85 flow analyzed (0 errors and 0 warnings) and proved (7 checks)
  PolyORB_HI.Messages.internal_to_bufferGP3021 at polyorb_hi-messages.adb:53 flow analyzed (0 errors and 0 warnings) and proved (0 checks)
  PolyORB_HI.Messages.internal_to_bufferGP3021.Internal_To_Buffer at polyorb_hi-messages.adb:53 skipped
  PolyORB_HI.Messages.internal_to_lengthGP2921 at polyorb_hi-messages.adb:51 flow analyzed (0 errors and 0 warnings) and proved (0 checks)
  PolyORB_HI.Messages.internal_to_lengthGP2921.Internal_To_Length at polyorb_hi-messages.adb:51 skipped
in unit polyorb_hi-output, 11 subprograms and packages out of 11 analyzed
  PolyORB_HI.Output at polyorb_hi-output.ads:39 flow analyzed (0 errors and 0 warnings) and proved (2 checks)
  PolyORB_HI.Output.Build_Timestamp at polyorb_hi-output.adb:43 flow analyzed (0 errors and 0 warnings) and proved (0 checks)
  PolyORB_HI.Output.Dump at polyorb_hi-output.ads:92 flow analyzed (0 errors and 0 warnings) and proved (7 checks)
  PolyORB_HI.Output.LockT at polyorb_hi-output.adb:52 flow analyzed (0 errors and 0 warnings) and proved (1 checks)
  PolyORB_HI.Output.LockT.Put at polyorb_hi-output.adb:55 flow analyzed (0 errors and 0 warnings) and proved (1 checks)
   suppressed messages:
    polyorb_hi-output.adb:55:17: Work-around for OA26-047
  PolyORB_HI.Output.LockT.Put_Line at polyorb_hi-output.adb:60 flow analyzed (0 errors and 0 warnings) and proved (1 checks)
   suppressed messages:
    polyorb_hi-output.adb:60:17: Work-around for OA26-047
  PolyORB_HI.Output.Oadd at polyorb_hi-output.ads:97 flow analyzed (0 errors and 0 warnings) and proved (9 checks)
  PolyORB_HI.Output.Put at polyorb_hi-output.ads:73 flow analyzed (0 errors and 1 warnings) and proved (0 checks)
  PolyORB_HI.Output.Put at polyorb_hi-output.ads:85 flow analyzed (0 errors and 0 warnings) and proved (0 checks)
  PolyORB_HI.Output.Put_Line at polyorb_hi-output.ads:67 flow analyzed (0 errors and 1 warnings) and proved (0 checks)
  PolyORB_HI.Output.Put_Line at polyorb_hi-output.ads:79 flow analyzed (0 errors and 0 warnings) and proved (0 checks)
in unit polyorb_hi-output_low_level_native, 2 subprograms and packages out of 4 analyzed
  PolyORB_HI.Output_Low_Level at polyorb_hi-output_low_level.ads:32 flow analyzed (0 errors and 0 warnings) and proved (0 checks)
  PolyORB_HI.Output_Low_Level.C_Write at polyorb_hi-output_low_level_native.adb:41 skipped
  PolyORB_HI.Output_Low_Level.New_Line at polyorb_hi-output_low_level.ads:36 flow analyzed (0 errors and 0 warnings) and proved (0 checks)
   suppressed messages:
    polyorb_hi-output_low_level.ads:36:14: No direct effect on any state visible by SPARK
  PolyORB_HI.Output_Low_Level.Put at polyorb_hi-output_low_level.ads:40 skipped
in unit polyorb_hi-port_kinds, 5 subprograms and packages out of 5 analyzed
  PolyORB_HI.Port_Kinds at polyorb_hi-port_kinds.ads:35 flow analyzed (0 errors and 0 warnings) and proved (0 checks)
  PolyORB_HI.Port_Kinds.Is_Data at polyorb_hi-port_kinds.ads:57 flow analyzed (0 errors and 0 warnings) and proved (0 checks)
  PolyORB_HI.Port_Kinds.Is_Event at polyorb_hi-port_kinds.ads:56 flow analyzed (0 errors and 0 warnings) and proved (0 checks)
  PolyORB_HI.Port_Kinds.Is_In at polyorb_hi-port_kinds.ads:53 flow analyzed (0 errors and 0 warnings) and proved (0 checks)
  PolyORB_HI.Port_Kinds.Is_Out at polyorb_hi-port_kinds.ads:54 flow analyzed (0 errors and 0 warnings) and proved (0 checks)
in unit polyorb_hi-port_type_marshallers, 0 subprograms and packages out of 3 analyzed
  PolyORB_HI.Port_Type_Marshallers at polyorb_hi-port_type_marshallers.ads:36 skipped
  PolyORB_HI.Port_Type_Marshallers.Marshall at polyorb_hi-marshallers_g.ads:43, instantiated at polyorb_hi-port_type_marshallers.ads:36 skipped
  PolyORB_HI.Port_Type_Marshallers.Unmarshall at polyorb_hi-marshallers_g.ads:48, instantiated at polyorb_hi-port_type_marshallers.ads:36 skipped
in unit polyorb_hi-streams, 1 subprograms and packages out of 1 analyzed
  PolyORB_HI.Streams at polyorb_hi-streams.ads:37 flow analyzed (0 errors and 0 warnings) and proved (0 checks)
in unit polyorb_hi-suspenders, 4 subprograms and packages out of 4 analyzed
  PolyORB_HI.Suspenders at polyorb_hi-suspenders.ads:40 flow analyzed (0 errors and 0 warnings) and proved (0 checks)
  PolyORB_HI.Suspenders.Block_Task at polyorb_hi-suspenders.ads:51 flow analyzed (0 errors and 0 warnings) and proved (0 checks)
  PolyORB_HI.Suspenders.Suspend_Forever at polyorb_hi-suspenders.ads:56 flow analyzed (0 errors and 0 warnings) and proved (0 checks)
   suppressed messages:
    polyorb_hi-suspenders.ads:56:14: No direct effect on any state visible by SPARK
  PolyORB_HI.Suspenders.Unblock_All_Tasks at polyorb_hi-suspenders.ads:61 flow analyzed (0 errors and 0 warnings) and proved (0 checks)
in unit polyorb_hi-time_marshallers, 0 subprograms and packages out of 3 analyzed
  PolyORB_HI.Time_Marshallers at polyorb_hi-time_marshallers.ads:36 skipped
  PolyORB_HI.Time_Marshallers.Marshall at polyorb_hi-marshallers_g.ads:43, instantiated at polyorb_hi-time_marshallers.ads:36 skipped
  PolyORB_HI.Time_Marshallers.Unmarshall at polyorb_hi-marshallers_g.ads:48, instantiated at polyorb_hi-time_marshallers.ads:36 skipped
in unit polyorb_hi-transport_low_level_spark, 3 subprograms and packages out of 3 analyzed
  PolyORB_HI.Transport_Low_Level at polyorb_hi-transport_low_level.ads:39 flow analyzed (0 errors and 0 warnings) and proved (0 checks)
  PolyORB_HI.Transport_Low_Level.Initialize at polyorb_hi-transport_low_level.ads:47 flow analyzed (0 errors and 1 warnings) and proved (0 checks)
  PolyORB_HI.Transport_Low_Level.Send at polyorb_hi-transport_low_level.ads:50 flow analyzed (0 errors and 0 warnings) and proved (0 checks)
in unit polyorb_hi-utils, 15 subprograms and packages out of 21 analyzed
  PolyORB_HI.Utils at polyorb_hi-utils.ads:40 flow analyzed (0 errors and 0 warnings) and proved (0 checks)
  PolyORB_HI.Utils.Corresponding_Port at polyorb_hi-utils.ads:73 flow analyzed (0 errors and 0 warnings) and proved (0 checks)
  PolyORB_HI.Utils.Corresponding_Port.to_corresponding_portGP4218 at polyorb_hi-utils.adb:102 flow analyzed (0 errors and 0 warnings) and proved (0 checks)
  PolyORB_HI.Utils.Corresponding_Port.to_corresponding_portGP4218.To_Corresponding_Port at polyorb_hi-utils.adb:102 skipped
  PolyORB_HI.Utils.Internal_Code at polyorb_hi-utils.ads:72 flow analyzed (0 errors and 0 warnings) and proved (0 checks)
  PolyORB_HI.Utils.Internal_Code.to_internal_codeGP3886 at polyorb_hi-utils.adb:91 flow analyzed (0 errors and 0 warnings) and proved (0 checks)
  PolyORB_HI.Utils.Internal_Code.to_internal_codeGP3886.To_Internal_Code at polyorb_hi-utils.adb:91 skipped
  PolyORB_HI.Utils.Length at polyorb_hi-utils.ads:94 flow analyzed (0 errors and 0 warnings) and proved (0 checks)
  PolyORB_HI.Utils.Parse_String at polyorb_hi-utils.ads:99 flow analyzed (0 errors and 0 warnings) and proved (2 checks)
  PolyORB_HI.Utils.Swap_Bytes at polyorb_hi-utils.ads:75 flow analyzed (0 errors and 0 warnings) and proved (2 checks)
  PolyORB_HI.Utils.To_Hi_String at polyorb_hi-utils.ads:88 flow analyzed (0 errors and 0 warnings) and proved (11 checks)
  PolyORB_HI.Utils.To_String at polyorb_hi-utils.ads:91 flow analyzed (0 errors and 0 warnings) and proved (1 checks)
  PolyORB_HI.Utils.Valid at polyorb_hi-utils.ads:97 flow analyzed (0 errors and 0 warnings) and proved (0 checks)
  PolyORB_HI.Utils.corresponding_entityGP3310 at polyorb_hi-utils.ads:64 flow analyzed (0 errors and 0 warnings) and proved (0 checks)
  PolyORB_HI.Utils.corresponding_entityGP3310.Corresponding_Entity at polyorb_hi-utils.ads:64 skipped
  PolyORB_HI.Utils.corresponding_nodeGP3496 at polyorb_hi-utils.ads:69 flow analyzed (0 errors and 0 warnings) and proved (0 checks)
  PolyORB_HI.Utils.corresponding_nodeGP3496.Corresponding_Node at polyorb_hi-utils.ads:69 skipped
  PolyORB_HI.Utils.internal_codeGP3220 at polyorb_hi-utils.ads:62 flow analyzed (0 errors and 0 warnings) and proved (0 checks)
  PolyORB_HI.Utils.internal_codeGP3220.Internal_Code at polyorb_hi-utils.ads:62 skipped
  PolyORB_HI.Utils.internal_codeGP3408 at polyorb_hi-utils.ads:67 flow analyzed (0 errors and 0 warnings) and proved (0 checks)
  PolyORB_HI.Utils.internal_codeGP3408.Internal_Code at polyorb_hi-utils.ads:67 skipped
in unit polyorb_hi_generated, 1 subprograms and packages out of 1 analyzed
  PolyORB_HI_Generated at polyorb_hi_generated.ads:34 flow analyzed (0 errors and 0 warnings) and proved (0 checks)
in unit polyorb_hi_generated-activity, 89 subprograms and packages out of 97 analyzed
  PolyORB_HI_Generated.Activity at polyorb_hi_generated-activity.ads:17 flow analyzed (0 errors and 0 warnings) and proved (18 checks)
  PolyORB_HI_Generated.Activity.Get_Count at polyorb_hi_generated-activity.ads:67 flow analyzed (0 errors and 0 warnings) and not proved, 0 checks out of 1 proved
  PolyORB_HI_Generated.Activity.Get_Count at polyorb_hi_generated-activity.ads:156 flow analyzed (0 errors and 0 warnings) and proved (1 checks)
  PolyORB_HI_Generated.Activity.Get_Sender at polyorb_hi_generated-activity.ads:61 flow analyzed (0 errors and 0 warnings) and not proved, 0 checks out of 1 proved
  PolyORB_HI_Generated.Activity.Get_Sender at polyorb_hi_generated-activity.ads:150 flow analyzed (0 errors and 0 warnings) and proved (1 checks)
  PolyORB_HI_Generated.Activity.Get_Time_Stamp at polyorb_hi_generated-activity.ads:73 flow analyzed (0 errors and 0 warnings) and proved (0 checks)
  PolyORB_HI_Generated.Activity.Get_Time_Stamp at polyorb_hi_generated-activity.ads:162 flow analyzed (0 errors and 0 warnings) and proved (0 checks)
  PolyORB_HI_Generated.Activity.Get_Value at polyorb_hi_generated-activity.ads:55 flow analyzed (0 errors and 0 warnings) and not proved, 0 checks out of 1 proved
  PolyORB_HI_Generated.Activity.Get_Value at polyorb_hi_generated-activity.ads:144 flow analyzed (0 errors and 0 warnings) and proved (1 checks)
  PolyORB_HI_Generated.Activity.Next_Value at polyorb_hi_generated-activity.ads:79 flow analyzed (0 errors and 0 warnings) and not proved, 0 checks out of 1 proved
  PolyORB_HI_Generated.Activity.Next_Value at polyorb_hi_generated-activity.ads:168 flow analyzed (0 errors and 0 warnings) and proved (1 checks)
  PolyORB_HI_Generated.Activity.Producer_Consumer_Producer_Interrogators at polyorb_hi_generated-activity.adb:102 flow analyzed (0 errors and 0 warnings) and not proved, 10 checks out of 11 proved
  PolyORB_HI_Generated.Activity.Producer_Consumer_Producer_Interrogators.CE at polyorb_hi-thread_interrogators.adb:78, instantiated at polyorb_hi_generated-activity.adb:102 flow analyzed (0 errors and 0 warnings) and proved (0 checks)
  PolyORB_HI_Generated.Activity.Producer_Consumer_Producer_Interrogators.Get_Count at polyorb_hi-thread_interrogators.ads:181, instantiated at polyorb_hi_generated-activity.adb:102 flow analyzed (0 errors and 0 warnings) and proved (1 checks)
  PolyORB_HI_Generated.Activity.Producer_Consumer_Producer_Interrogators.Get_Next_Event at polyorb_hi-thread_interrogators.ads:198, instantiated at polyorb_hi_generated-activity.adb:102 flow analyzed (0 errors and 0 warnings) and proved (0 checks)
  PolyORB_HI_Generated.Activity.Producer_Consumer_Producer_Interrogators.Get_Sender at polyorb_hi-thread_interrogators.ads:173, instantiated at polyorb_hi_generated-activity.adb:102 flow analyzed (0 errors and 0 warnings) and proved (1 checks)
  PolyORB_HI_Generated.Activity.Producer_Consumer_Producer_Interrogators.Get_Time_Stamp at polyorb_hi-thread_interrogators.ads:214, instantiated at polyorb_hi_generated-activity.adb:102 flow analyzed (0 errors and 0 warnings) and proved (0 checks)
  PolyORB_HI_Generated.Activity.Producer_Consumer_Producer_Interrogators.Get_Value at polyorb_hi-thread_interrogators.ads:165, instantiated at polyorb_hi_generated-activity.adb:102 flow analyzed (0 errors and 0 warnings) and proved (3 checks)
  PolyORB_HI_Generated.Activity.Producer_Consumer_Producer_Interrogators.Global_QueueT at polyorb_hi-thread_interrogators.adb:114, instantiated at polyorb_hi_generated-activity.adb:102 flow analyzed (0 errors and 0 warnings) and proved (1 checks)
  PolyORB_HI_Generated.Activity.Producer_Consumer_Producer_Interrogators.Global_QueueT.Count at polyorb_hi-thread_interrogators.adb:169, instantiated at polyorb_hi_generated-activity.adb:102 flow analyzed (0 errors and 0 warnings) and proved (3 checks)
  PolyORB_HI_Generated.Activity.Producer_Consumer_Producer_Interrogators.Global_QueueT.Dequeue at polyorb_hi-thread_interrogators.adb:125, instantiated at polyorb_hi_generated-activity.adb:102 flow analyzed (0 errors and 0 warnings) and proved (8 checks)
  PolyORB_HI_Generated.Activity.Producer_Consumer_Producer_Interrogators.Global_QueueT.Get_Most_Recent_Value at polyorb_hi-thread_interrogators.adb:228, instantiated at polyorb_hi_generated-activity.adb:102 flow analyzed (0 errors and 0 warnings) and not proved, 7 checks out of 9 proved
  PolyORB_HI_Generated.Activity.Producer_Consumer_Producer_Interrogators.Global_QueueT.Get_Time_Stamp at polyorb_hi-thread_interrogators.adb:173, instantiated at polyorb_hi_generated-activity.adb:102 flow analyzed (0 errors and 0 warnings) and proved (0 checks)
  PolyORB_HI_Generated.Activity.Producer_Consumer_Producer_Interrogators.Global_QueueT.Is_Invalid at polyorb_hi-thread_interrogators.adb:143, instantiated at polyorb_hi_generated-activity.adb:102 flow analyzed (0 errors and 0 warnings) and proved (0 checks)
  PolyORB_HI_Generated.Activity.Producer_Consumer_Producer_Interrogators.Global_QueueT.Read_Event at polyorb_hi-thread_interrogators.adb:121, instantiated at polyorb_hi_generated-activity.adb:102 flow analyzed (0 errors and 0 warnings) and proved (0 checks)
  PolyORB_HI_Generated.Activity.Producer_Consumer_Producer_Interrogators.Global_QueueT.Read_In at polyorb_hi-thread_interrogators.adb:132, instantiated at polyorb_hi_generated-activity.adb:102 flow analyzed (0 errors and 0 warnings) and proved (3 checks)
  PolyORB_HI_Generated.Activity.Producer_Consumer_Producer_Interrogators.Global_QueueT.Read_Out at polyorb_hi-thread_interrogators.adb:140, instantiated at polyorb_hi_generated-activity.adb:102 flow analyzed (0 errors and 0 warnings) and proved (0 checks)
  PolyORB_HI_Generated.Activity.Producer_Consumer_Producer_Interrogators.Global_QueueT.Set_Invalid at polyorb_hi-thread_interrogators.adb:147, instantiated at polyorb_hi_generated-activity.adb:102 flow analyzed (0 errors and 0 warnings) and proved (0 checks)
  PolyORB_HI_Generated.Activity.Producer_Consumer_Producer_Interrogators.Global_QueueT.Set_Most_Recent_Value at polyorb_hi-thread_interrogators.adb:229, instantiated at polyorb_hi_generated-activity.adb:102 flow analyzed (0 errors and 0 warnings) and proved (12 checks)
  PolyORB_HI_Generated.Activity.Producer_Consumer_Producer_Interrogators.Global_QueueT.Store_In at polyorb_hi-thread_interrogators.adb:155, instantiated at polyorb_hi_generated-activity.adb:102 flow analyzed (0 errors and 0 warnings) and proved (60 checks)
  PolyORB_HI_Generated.Activity.Producer_Consumer_Producer_Interrogators.Global_QueueT.Store_Out at polyorb_hi-thread_interrogators.adb:165, instantiated at polyorb_hi_generated-activity.adb:102 flow analyzed (0 errors and 0 warnings) and proved (1 checks)
  PolyORB_HI_Generated.Activity.Producer_Consumer_Producer_Interrogators.Global_QueueT.Wait_Event at polyorb_hi-thread_interrogators.adb:117, instantiated at polyorb_hi_generated-activity.adb:102 flow analyzed (0 errors and 0 warnings) and proved (0 checks)
  PolyORB_HI_Generated.Activity.Producer_Consumer_Producer_Interrogators.Next_Value at polyorb_hi-thread_interrogators.ads:188, instantiated at polyorb_hi_generated-activity.adb:102 flow analyzed (0 errors and 0 warnings) and proved (1 checks)
  PolyORB_HI_Generated.Activity.Producer_Consumer_Producer_Interrogators.Put_Value at polyorb_hi-thread_interrogators.ads:153, instantiated at polyorb_hi_generated-activity.adb:102 flow analyzed (0 errors and 0 warnings) and proved (2 checks)
  PolyORB_HI_Generated.Activity.Producer_Consumer_Producer_Interrogators.Receive_Input at polyorb_hi-thread_interrogators.ads:159, instantiated at polyorb_hi_generated-activity.adb:102 flow analyzed (0 errors and 1 warnings) and proved (0 checks)
  PolyORB_HI_Generated.Activity.Producer_Consumer_Producer_Interrogators.Send_Output at polyorb_hi-thread_interrogators.ads:148, instantiated at polyorb_hi_generated-activity.adb:102 skipped
  PolyORB_HI_Generated.Activity.Producer_Consumer_Producer_Interrogators.Store_Received_Message at polyorb_hi-thread_interrogators.ads:203, instantiated at polyorb_hi_generated-activity.adb:102 flow analyzed (0 errors and 0 warnings) and proved (2 checks)
  PolyORB_HI_Generated.Activity.Producer_Consumer_Producer_Interrogators.Wait_For_Incoming_Events at polyorb_hi-thread_interrogators.ads:193, instantiated at polyorb_hi_generated-activity.adb:102 flow analyzed (0 errors and 0 warnings) and proved (0 checks)
  PolyORB_HI_Generated.Activity.Producer_Consumer_Producer_Interrogators.interface_to_streamGP3550 at polyorb_hi-thread_interrogators.adb:73, instantiated at polyorb_hi_generated-activity.adb:102 flow analyzed (0 errors and 0 warnings) and proved (2 checks)
  PolyORB_HI_Generated.Activity.Producer_Consumer_Producer_Interrogators.interface_to_streamGP3550.Interface_To_Stream at polyorb_hi-thread_interrogators.adb:73, instantiated at polyorb_hi_generated-activity.adb:102 skipped
  PolyORB_HI_Generated.Activity.Producer_Consumer_Producer_Interrogators.stream_to_interfaceGP3658 at polyorb_hi-thread_interrogators.adb:75, instantiated at polyorb_hi_generated-activity.adb:102 flow analyzed (0 errors and 0 warnings) and proved (2 checks)
  PolyORB_HI_Generated.Activity.Producer_Consumer_Producer_Interrogators.stream_to_interfaceGP3658.Stream_To_Interface at polyorb_hi-thread_interrogators.adb:75, instantiated at polyorb_hi_generated-activity.adb:102 skipped
  PolyORB_HI_Generated.Activity.Producer_Consumer_Producer_Job at polyorb_hi_generated-activity.ads:99 flow analyzed (0 errors and 0 warnings) and proved (0 checks)
  PolyORB_HI_Generated.Activity.Producer_Consumer_Producer_Task at polyorb_hi_generated-activity.ads:101 flow analyzed (0 errors and 0 warnings) and proved (0 checks)
  PolyORB_HI_Generated.Activity.Producer_Consumer_Producer_Task.Activate_Entrypoint at polyorb_hi-periodic_task.ads:62, instantiated at polyorb_hi_generated-activity.ads:101 flow analyzed (0 errors and 1 warnings) and proved (0 checks)
  PolyORB_HI_Generated.Activity.Producer_Consumer_Producer_Task.Next_Deadline at polyorb_hi-periodic_task.ads:79, instantiated at polyorb_hi_generated-activity.ads:101 flow analyzed (0 errors and 0 warnings) and proved (0 checks)
  PolyORB_HI_Generated.Activity.Producer_Consumer_Producer_Task.Recover_Entrypoint at polyorb_hi-periodic_task.ads:66, instantiated at polyorb_hi_generated-activity.ads:101 flow analyzed (0 errors and 1 warnings) and proved (0 checks)
  PolyORB_HI_Generated.Activity.Producer_Consumer_Producer_Task.The_Periodic_Task at polyorb_hi-periodic_task.ads:72, instantiated at polyorb_hi_generated-activity.ads:101 skipped
  PolyORB_HI_Generated.Activity.Producer_Consumer_Producer_Task.The_Periodic_TaskTK at polyorb_hi-periodic_task.ads:72, instantiated at polyorb_hi_generated-activity.ads:101 flow analyzed (0 errors and 0 warnings) and proved (4 checks)
  PolyORB_HI_Generated.Activity.Producer_Consumer_Result_Consumer_Interrogators at polyorb_hi_generated-activity.adb:193 flow analyzed (0 errors and 0 warnings) and not proved, 10 checks out of 11 proved
  PolyORB_HI_Generated.Activity.Producer_Consumer_Result_Consumer_Interrogators.CE at polyorb_hi-thread_interrogators.adb:78, instantiated at polyorb_hi_generated-activity.adb:193 flow analyzed (0 errors and 0 warnings) and proved (0 checks)
  PolyORB_HI_Generated.Activity.Producer_Consumer_Result_Consumer_Interrogators.Get_Count at polyorb_hi-thread_interrogators.ads:181, instantiated at polyorb_hi_generated-activity.adb:193 flow analyzed (0 errors and 0 warnings) and proved (1 checks)
  PolyORB_HI_Generated.Activity.Producer_Consumer_Result_Consumer_Interrogators.Get_Next_Event at polyorb_hi-thread_interrogators.ads:198, instantiated at polyorb_hi_generated-activity.adb:193 flow analyzed (0 errors and 0 warnings) and proved (0 checks)
  PolyORB_HI_Generated.Activity.Producer_Consumer_Result_Consumer_Interrogators.Get_Sender at polyorb_hi-thread_interrogators.ads:173, instantiated at polyorb_hi_generated-activity.adb:193 flow analyzed (0 errors and 0 warnings) and proved (1 checks)
  PolyORB_HI_Generated.Activity.Producer_Consumer_Result_Consumer_Interrogators.Get_Time_Stamp at polyorb_hi-thread_interrogators.ads:214, instantiated at polyorb_hi_generated-activity.adb:193 flow analyzed (0 errors and 0 warnings) and proved (0 checks)
  PolyORB_HI_Generated.Activity.Producer_Consumer_Result_Consumer_Interrogators.Get_Value at polyorb_hi-thread_interrogators.ads:165, instantiated at polyorb_hi_generated-activity.adb:193 flow analyzed (0 errors and 0 warnings) and not proved, 2 checks out of 3 proved
  PolyORB_HI_Generated.Activity.Producer_Consumer_Result_Consumer_Interrogators.Global_QueueT at polyorb_hi-thread_interrogators.adb:114, instantiated at polyorb_hi_generated-activity.adb:193 flow analyzed (0 errors and 0 warnings) and proved (1 checks)
  PolyORB_HI_Generated.Activity.Producer_Consumer_Result_Consumer_Interrogators.Global_QueueT.Count at polyorb_hi-thread_interrogators.adb:169, instantiated at polyorb_hi_generated-activity.adb:193 flow analyzed (0 errors and 0 warnings) and proved (3 checks)
  PolyORB_HI_Generated.Activity.Producer_Consumer_Result_Consumer_Interrogators.Global_QueueT.Dequeue at polyorb_hi-thread_interrogators.adb:125, instantiated at polyorb_hi_generated-activity.adb:193 flow analyzed (0 errors and 0 warnings) and not proved, 7 checks out of 8 proved
  PolyORB_HI_Generated.Activity.Producer_Consumer_Result_Consumer_Interrogators.Global_QueueT.Get_Most_Recent_Value at polyorb_hi-thread_interrogators.adb:228, instantiated at polyorb_hi_generated-activity.adb:193 flow analyzed (0 errors and 0 warnings) and proved (9 checks)
  PolyORB_HI_Generated.Activity.Producer_Consumer_Result_Consumer_Interrogators.Global_QueueT.Get_Time_Stamp at polyorb_hi-thread_interrogators.adb:173, instantiated at polyorb_hi_generated-activity.adb:193 flow analyzed (0 errors and 0 warnings) and proved (0 checks)
  PolyORB_HI_Generated.Activity.Producer_Consumer_Result_Consumer_Interrogators.Global_QueueT.Is_Invalid at polyorb_hi-thread_interrogators.adb:143, instantiated at polyorb_hi_generated-activity.adb:193 flow analyzed (0 errors and 0 warnings) and proved (0 checks)
  PolyORB_HI_Generated.Activity.Producer_Consumer_Result_Consumer_Interrogators.Global_QueueT.Read_Event at polyorb_hi-thread_interrogators.adb:121, instantiated at polyorb_hi_generated-activity.adb:193 flow analyzed (0 errors and 0 warnings) and proved (0 checks)
  PolyORB_HI_Generated.Activity.Producer_Consumer_Result_Consumer_Interrogators.Global_QueueT.Read_In at polyorb_hi-thread_interrogators.adb:132, instantiated at polyorb_hi_generated-activity.adb:193 flow analyzed (0 errors and 0 warnings) and proved (3 checks)
  PolyORB_HI_Generated.Activity.Producer_Consumer_Result_Consumer_Interrogators.Global_QueueT.Read_Out at polyorb_hi-thread_interrogators.adb:140, instantiated at polyorb_hi_generated-activity.adb:193 flow analyzed (0 errors and 0 warnings) and proved (0 checks)
  PolyORB_HI_Generated.Activity.Producer_Consumer_Result_Consumer_Interrogators.Global_QueueT.Set_Invalid at polyorb_hi-thread_interrogators.adb:147, instantiated at polyorb_hi_generated-activity.adb:193 flow analyzed (0 errors and 0 warnings) and proved (0 checks)
  PolyORB_HI_Generated.Activity.Producer_Consumer_Result_Consumer_Interrogators.Global_QueueT.Set_Most_Recent_Value at polyorb_hi-thread_interrogators.adb:229, instantiated at polyorb_hi_generated-activity.adb:193 flow analyzed (0 errors and 0 warnings) and proved (12 checks)
  PolyORB_HI_Generated.Activity.Producer_Consumer_Result_Consumer_Interrogators.Global_QueueT.Store_In at polyorb_hi-thread_interrogators.adb:155, instantiated at polyorb_hi_generated-activity.adb:193 flow analyzed (0 errors and 0 warnings) and proved (60 checks)
  PolyORB_HI_Generated.Activity.Producer_Consumer_Result_Consumer_Interrogators.Global_QueueT.Store_Out at polyorb_hi-thread_interrogators.adb:165, instantiated at polyorb_hi_generated-activity.adb:193 flow analyzed (0 errors and 0 warnings) and proved (1 checks)
  PolyORB_HI_Generated.Activity.Producer_Consumer_Result_Consumer_Interrogators.Global_QueueT.Wait_Event at polyorb_hi-thread_interrogators.adb:117, instantiated at polyorb_hi_generated-activity.adb:193 flow analyzed (0 errors and 0 warnings) and proved (0 checks)
  PolyORB_HI_Generated.Activity.Producer_Consumer_Result_Consumer_Interrogators.Next_Value at polyorb_hi-thread_interrogators.ads:188, instantiated at polyorb_hi_generated-activity.adb:193 flow analyzed (0 errors and 0 warnings) and proved (1 checks)
  PolyORB_HI_Generated.Activity.Producer_Consumer_Result_Consumer_Interrogators.Put_Value at polyorb_hi-thread_interrogators.ads:153, instantiated at polyorb_hi_generated-activity.adb:193 flow analyzed (0 errors and 0 warnings) and proved (2 checks)
  PolyORB_HI_Generated.Activity.Producer_Consumer_Result_Consumer_Interrogators.Receive_Input at polyorb_hi-thread_interrogators.ads:159, instantiated at polyorb_hi_generated-activity.adb:193 flow analyzed (0 errors and 1 warnings) and proved (0 checks)
  PolyORB_HI_Generated.Activity.Producer_Consumer_Result_Consumer_Interrogators.Send_Output at polyorb_hi-thread_interrogators.ads:148, instantiated at polyorb_hi_generated-activity.adb:193 skipped
  PolyORB_HI_Generated.Activity.Producer_Consumer_Result_Consumer_Interrogators.Store_Received_Message at polyorb_hi-thread_interrogators.ads:203, instantiated at polyorb_hi_generated-activity.adb:193 flow analyzed (0 errors and 0 warnings) and proved (2 checks)
  PolyORB_HI_Generated.Activity.Producer_Consumer_Result_Consumer_Interrogators.Wait_For_Incoming_Events at polyorb_hi-thread_interrogators.ads:193, instantiated at polyorb_hi_generated-activity.adb:193 flow analyzed (0 errors and 0 warnings) and proved (0 checks)
  PolyORB_HI_Generated.Activity.Producer_Consumer_Result_Consumer_Interrogators.interface_to_streamGP3550 at polyorb_hi-thread_interrogators.adb:73, instantiated at polyorb_hi_generated-activity.adb:193 flow analyzed (0 errors and 0 warnings) and proved (2 checks)
  PolyORB_HI_Generated.Activity.Producer_Consumer_Result_Consumer_Interrogators.interface_to_streamGP3550.Interface_To_Stream at polyorb_hi-thread_interrogators.adb:73, instantiated at polyorb_hi_generated-activity.adb:193 skipped
  PolyORB_HI_Generated.Activity.Producer_Consumer_Result_Consumer_Interrogators.stream_to_interfaceGP3658 at polyorb_hi-thread_interrogators.adb:75, instantiated at polyorb_hi_generated-activity.adb:193 flow analyzed (0 errors and 0 warnings) and proved (2 checks)
  PolyORB_HI_Generated.Activity.Producer_Consumer_Result_Consumer_Interrogators.stream_to_interfaceGP3658.Stream_To_Interface at polyorb_hi-thread_interrogators.adb:75, instantiated at polyorb_hi_generated-activity.adb:193 skipped
  PolyORB_HI_Generated.Activity.Producer_Consumer_Result_Consumer_Job at polyorb_hi_generated-activity.ads:188 flow analyzed (0 errors and 0 warnings) and proved (3 checks)
  PolyORB_HI_Generated.Activity.Producer_Consumer_Result_Consumer_Task at polyorb_hi_generated-activity.ads:191 flow analyzed (0 errors and 0 warnings) and proved (0 checks)
  PolyORB_HI_Generated.Activity.Producer_Consumer_Result_Consumer_Task.Activate_Entrypoint at polyorb_hi-periodic_task.ads:62, instantiated at polyorb_hi_generated-activity.ads:191 flow analyzed (0 errors and 1 warnings) and proved (0 checks)
  PolyORB_HI_Generated.Activity.Producer_Consumer_Result_Consumer_Task.Next_Deadline at polyorb_hi-periodic_task.ads:79, instantiated at polyorb_hi_generated-activity.ads:191 flow analyzed (0 errors and 0 warnings) and proved (0 checks)
  PolyORB_HI_Generated.Activity.Producer_Consumer_Result_Consumer_Task.Recover_Entrypoint at polyorb_hi-periodic_task.ads:66, instantiated at polyorb_hi_generated-activity.ads:191 flow analyzed (0 errors and 1 warnings) and proved (0 checks)
  PolyORB_HI_Generated.Activity.Producer_Consumer_Result_Consumer_Task.The_Periodic_Task at polyorb_hi-periodic_task.ads:72, instantiated at polyorb_hi_generated-activity.ads:191 skipped
  PolyORB_HI_Generated.Activity.Producer_Consumer_Result_Consumer_Task.The_Periodic_TaskTK at polyorb_hi-periodic_task.ads:72, instantiated at polyorb_hi_generated-activity.ads:191 flow analyzed (0 errors and 0 warnings) and proved (4 checks)
  PolyORB_HI_Generated.Activity.Put_Value at polyorb_hi_generated-activity.ads:47 flow analyzed (0 errors and 0 warnings) and proved (1 checks)
  PolyORB_HI_Generated.Activity.Put_Value at polyorb_hi_generated-activity.ads:136 flow analyzed (0 errors and 0 warnings) and proved (1 checks)
  PolyORB_HI_Generated.Activity.Receive_Input at polyorb_hi_generated-activity.ads:51 flow analyzed (0 errors and 1 warnings) and proved (0 checks)
  PolyORB_HI_Generated.Activity.Receive_Input at polyorb_hi_generated-activity.ads:140 flow analyzed (0 errors and 1 warnings) and proved (0 checks)
  PolyORB_HI_Generated.Activity.Send_Output at polyorb_hi_generated-activity.ads:42 flow analyzed (0 errors and 0 warnings) and proved (0 checks)
  PolyORB_HI_Generated.Activity.Send_Output at polyorb_hi_generated-activity.ads:131 flow analyzed (0 errors and 0 warnings) and proved (0 checks)
  PolyORB_HI_Generated.Activity.Store_Received_Message at polyorb_hi_generated-activity.ads:84 flow analyzed (0 errors and 0 warnings) and proved (1 checks)
  PolyORB_HI_Generated.Activity.Store_Received_Message at polyorb_hi_generated-activity.ads:173 flow analyzed (0 errors and 0 warnings) and proved (1 checks)
  PolyORB_HI_Generated.Activity.Wait_For_Incoming_Events at polyorb_hi_generated-activity.ads:91 flow analyzed (0 errors and 0 warnings) and proved (0 checks)
  PolyORB_HI_Generated.Activity.Wait_For_Incoming_Events at polyorb_hi_generated-activity.ads:180 flow analyzed (0 errors and 0 warnings) and proved (0 checks)
in unit polyorb_hi_generated-deployment, 1 subprograms and packages out of 1 analyzed
  PolyORB_HI_Generated.Deployment at polyorb_hi_generated-deployment.ads:10 flow analyzed (0 errors and 0 warnings) and proved (15 checks)
in unit polyorb_hi_generated-marshallers, 0 subprograms and packages out of 2 analyzed
  PolyORB_HI_Generated.Activity.Producer_Consumer_Producer_Task.The_Periodic_Task at polyorb_hi-periodic_task.ads:72, instantiated at polyorb_hi_generated-activity.ads:101 skipped
  PolyORB_HI_Generated.Activity.Producer_Consumer_Result_Consumer_Task.The_Periodic_Task at polyorb_hi-periodic_task.ads:72, instantiated at polyorb_hi_generated-activity.ads:191 skipped
in unit polyorb_hi_generated-subprograms, 3 subprograms and packages out of 3 analyzed
  PolyORB_HI_Generated.Subprograms at polyorb_hi_generated-subprograms.ads:11 flow analyzed (0 errors and 0 warnings) and proved (0 checks)
  PolyORB_HI_Generated.Subprograms.Software_Consume_Spg at polyorb_hi_generated-subprograms.ads:16 flow analyzed (0 errors and 0 warnings) and proved (0 checks)
  PolyORB_HI_Generated.Subprograms.Software_Produce_Spg at polyorb_hi_generated-subprograms.ads:13 flow analyzed (0 errors and 0 warnings) and proved (0 checks)
in unit polyorb_hi_generated-transport, 3 subprograms and packages out of 7 analyzed
  PolyORB_HI_Generated.Activity.Producer_Consumer_Producer_Task.The_Periodic_Task at polyorb_hi-periodic_task.ads:72, instantiated at polyorb_hi_generated-activity.ads:101 skipped
  PolyORB_HI_Generated.Activity.Producer_Consumer_Result_Consumer_Task.The_Periodic_Task at polyorb_hi-periodic_task.ads:72, instantiated at polyorb_hi_generated-activity.ads:191 skipped
  PolyORB_HI_Generated.Transport at polyorb_hi_generated-transport.ads:16 flow analyzed (0 errors and 0 warnings) and proved (0 checks)
  PolyORB_HI_Generated.Transport.Deliver at polyorb_hi_generated-transport.ads:18 skipped
  PolyORB_HI_Generated.Transport.Producer_Consumer_Producer_Send at polyorb_hi_generated-transport.adb:62 flow analyzed (0 errors and 0 warnings) and proved (0 checks)
  PolyORB_HI_Generated.Transport.Producer_Consumer_Result_Consumer_Deliver at polyorb_hi_generated-transport.adb:21 skipped
  PolyORB_HI_Generated.Transport.Send at polyorb_hi_generated-transport.ads:22 flow analyzed (0 errors and 0 warnings) and not proved, 0 checks out of 1 proved
in unit polyorb_hi_generated-types, 1 subprograms and packages out of 1 analyzed
  PolyORB_HI_Generated.Types at polyorb_hi_generated-types.ads:10 flow analyzed (0 errors and 0 warnings) and proved (0 checks)
in unit pr_a, 1 subprograms and packages out of 3 analyzed
  PolyORB_HI_Generated.Activity.Producer_Consumer_Producer_Task.The_Periodic_Task at polyorb_hi-periodic_task.ads:72, instantiated at polyorb_hi_generated-activity.ads:101 skipped
  PolyORB_HI_Generated.Activity.Producer_Consumer_Result_Consumer_Task.The_Periodic_Task at polyorb_hi-periodic_task.ads:72, instantiated at polyorb_hi_generated-activity.ads:191 skipped
  pr_A at pr_a.adb:20 flow analyzed (0 errors and 0 warnings) and proved (2 checks)
in unit producer_consumer, 4 subprograms and packages out of 4 analyzed
  Producer_Consumer at producer_consumer.ads:36 flow analyzed (0 errors and 0 warnings) and proved (0 checks)
  Producer_Consumer.Consume_Spg at producer_consumer.ads:40 flow analyzed (0 errors and 0 warnings) and not proved, 0 checks out of 2 proved
  Producer_Consumer.Get_Node at producer_consumer.adb:44 flow analyzed (0 errors and 0 warnings) and proved (0 checks)
  Producer_Consumer.Produce_Spg at producer_consumer.ads:38 flow analyzed (0 errors and 0 warnings) and not proved, 1 checks out of 3 proved
