polyorb_hi-messages.adb:72:57: info: range check proved
polyorb_hi-messages.adb:73:07: info: range check proved
polyorb_hi-messages.adb:73:44: info: length check proved
polyorb_hi-messages.adb:75:07: info: range check proved
polyorb_hi-messages.adb:75:48: info: precondition proved
polyorb_hi-messages.adb:76:12: info: precondition proved
polyorb_hi-messages.adb:76:12: info: length check proved
polyorb_hi-messages.adb:78:36: info: initialization of "R" proved
polyorb_hi-messages.adb:78:39: info: length check proved
polyorb_hi-messages.adb:78:39: info: precondition proved
polyorb_hi-messages.adb:78:52: info: range check proved
polyorb_hi-messages.adb:79:10: info: index check proved
polyorb_hi-messages.adb:79:27: info: initialization of "R" proved
polyorb_hi-messages.adb:80:10: info: index check proved
polyorb_hi-messages.adb:80:27: info: initialization of "R" proved
polyorb_hi-messages.adb:81:44: info: precondition proved
polyorb_hi-messages.adb:81:62: info: initialization of "R" proved
polyorb_hi-messages.adb:81:62: info: length check proved
polyorb_hi-messages.adb:81:65: info: length check proved
polyorb_hi-messages.adb:83:14: info: initialization of "R" proved
polyorb_hi-messages.adb:92:51: info: index check proved
polyorb_hi-messages.adb:105:32: info: range check proved
polyorb_hi-messages.adb:105:51: info: precondition proved
polyorb_hi-messages.adb:107:12: info: length check proved
polyorb_hi-messages.adb:116:29: info: overflow check proved
polyorb_hi-messages.adb:119:27: info: initialization of "Last" proved
polyorb_hi-messages.adb:120:09: info: initialization of "Item" proved
polyorb_hi-messages.adb:120:09: info: length check proved
polyorb_hi-messages.adb:120:18: info: range check proved
polyorb_hi-messages.adb:120:18: info: length check proved
polyorb_hi-messages.adb:120:57: info: overflow check proved
polyorb_hi-messages.adb:122:23: info: overflow check proved
polyorb_hi-messages.adb:123:16: info: predicate check proved
polyorb_hi-messages.adb:123:39: info: overflow check proved
polyorb_hi-messages.adb:123:39: info: range check proved
polyorb_hi-messages.adb:125:16: info: predicate check proved
polyorb_hi-messages.adb:154:16: info: predicate check proved
polyorb_hi-messages.adb:154:37: info: range check proved
polyorb_hi-messages.adb:154:37: info: overflow check proved
polyorb_hi-messages.adb:155:16: info: predicate check proved
polyorb_hi-messages.adb:155:57: info: overflow check proved
polyorb_hi-messages.adb:156:12: info: length check proved
polyorb_hi-messages.adb:156:15: info: length check proved
polyorb_hi-messages.adb:168:57: info: length check proved
polyorb_hi-messages.adb:177:14: info: length check proved
polyorb_hi-messages.adb:178:55: info: range check proved
polyorb_hi-messages.ads:60:32: info: length check proved
polyorb_hi-messages.ads:77:07: info: initialization of "Item" proved
polyorb_hi-messages.ads:78:07: info: initialization of "Last" proved
polyorb_hi-messages.ads:91:26: info: initialization of "M.Content" proved
polyorb_hi-messages.ads:91:26: info: initialization of "M.First" proved
polyorb_hi-messages.ads:91:26: info: initialization of "M.Last" proved
polyorb_hi-messages.ads:98:40: info: precondition proved
polyorb_hi-messages.ads:99:17: info: postcondition proved
polyorb_hi-messages.ads:99:42: info: precondition proved
polyorb_hi-messages.ads:115:48: info: precondition proved
polyorb_hi-messages.ads:128:22: info: predicate check proved
polyorb_hi-messages.ads:134:19: info: predicate check proved
polyorb_hi-messages.ads:143:60: info: range check proved
polyorb_hi-messages.ads:150:09: info: range check proved
