polyorb_hi_generated-activity.adb:58:04: info: length check proved
polyorb_hi_generated-activity.adb:62:04: info: length check proved
polyorb_hi_generated-activity.adb:63:37: info: length check proved
polyorb_hi_generated-activity.adb:67:04: info: length check proved
polyorb_hi_generated-activity.adb:71:04: info: length check proved
polyorb_hi_generated-activity.adb:75:04: info: length check proved
polyorb_hi_generated-activity.adb:79:04: info: length check proved
polyorb_hi_generated-activity.adb:95:04: info: length check proved
polyorb_hi_generated-activity.adb:99:04: info: length check proved
polyorb_hi_generated-activity.adb:112:28: info: length check proved
polyorb_hi_generated-activity.adb:114:29: info: length check proved
polyorb_hi_generated-activity.adb:115:28: info: length check proved
polyorb_hi_generated-activity.adb:116:30: info: length check proved
polyorb_hi_generated-activity.adb:117:36: info: length check proved
polyorb_hi_generated-activity.adb:118:20: info: length check proved
polyorb_hi_generated-activity.adb:120:25: info: length check proved
polyorb_hi_generated-activity.adb:121:23: info: length check proved
polyorb_hi_generated-activity.adb:158:04: info: length check proved
polyorb_hi_generated-activity.adb:162:04: info: length check proved
polyorb_hi_generated-activity.adb:163:37: info: length check proved
polyorb_hi_generated-activity.adb:167:04: info: length check proved
polyorb_hi_generated-activity.adb:171:04: info: length check proved
polyorb_hi_generated-activity.adb:175:04: info: length check proved
polyorb_hi_generated-activity.adb:179:04: info: length check proved
polyorb_hi_generated-activity.adb:186:04: info: length check proved
polyorb_hi_generated-activity.adb:190:04: info: length check proved
polyorb_hi_generated-activity.adb:203:28: info: length check proved
polyorb_hi_generated-activity.adb:205:29: info: length check proved
polyorb_hi_generated-activity.adb:206:28: info: length check proved
polyorb_hi_generated-activity.adb:207:30: info: length check proved
polyorb_hi_generated-activity.adb:208:36: info: length check proved
polyorb_hi_generated-activity.adb:209:20: info: length check proved
polyorb_hi_generated-activity.adb:211:25: info: length check proved
polyorb_hi_generated-activity.adb:212:23: info: length check proved
polyorb_hi_generated-activity.adb:234:29: info: initialization of "Data_Source_V" proved
polyorb_hi_generated-activity.adb:240:15: info: initialization of "Error_Ufc" proved
polyorb_hi_generated-activity.adb:256:53: info: precondition proved
polyorb_hi_generated-activity.adb:259:10: info: initialization of "GC" proved
polyorb_hi_generated-activity.adb:262:55: info: precondition proved
polyorb_hi_generated-activity.adb:264:23: info: initialization of "Result_U.Data_Sink_DATA" proved
polyorb_hi_generated-activity.adb:264:31: info: discriminant check proved
polyorb_hi_generated-activity.adb:271:20: info: initialization of "Data_Sink_V" proved
polyorb_hi_generated-activity.adb:296:13: info: range check proved
polyorb_hi_generated-activity.adb:338:46: medium: precondition might fail (e.g. when Port = Data_Source and Thread_Port_Kinds = (0 => 8, others => -1))
polyorb_hi_generated-activity.adb:355:46: medium: precondition might fail (e.g. when Port = Data_Source and Thread_Port_Kinds = (0 => 8, others => -1))
polyorb_hi_generated-activity.adb:373:46: medium: precondition might fail (e.g. when Port = Data_Source and Thread_Port_Kinds = (0 => 8, others => -1))
polyorb_hi_generated-activity.adb:406:45: medium: precondition might fail (e.g. when Port = Data_Source and Thread_Port_Kinds = (0 => 8, others => -1))
polyorb_hi_generated-activity.adb:414:13: info: range check proved
polyorb_hi_generated-activity.adb:467:13: info: range check proved
polyorb_hi_generated-activity.adb:509:53: info: precondition proved
polyorb_hi_generated-activity.adb:527:53: info: precondition proved
polyorb_hi_generated-activity.adb:544:53: info: precondition proved
polyorb_hi_generated-activity.adb:577:52: info: precondition proved
polyorb_hi_generated-activity.adb:585:13: info: range check proved
polyorb_hi_generated-activity.ads:45:05: info: initialization of "Result" proved
polyorb_hi_generated-activity.ads:51:13: warning: subprogram "Receive_Input" has no effect
polyorb_hi_generated-activity.ads:58:05: info: initialization of "Result.Data_Source_DATA" proved
polyorb_hi_generated-activity.ads:64:05: info: initialization of "Result" proved
polyorb_hi_generated-activity.ads:70:05: info: initialization of "Result" proved
polyorb_hi_generated-activity.ads:76:05: info: initialization of "Result" proved
polyorb_hi_generated-activity.ads:93:05: info: initialization of "Port" proved
polyorb_hi_generated-activity.ads:99:45: info: initialization of "Result" proved
polyorb_hi_generated-activity.ads:101:03: warning: in instantiation at polyorb_hi-periodic_task.ads:74
polyorb_hi_generated-activity.ads:101:03: warning: pragma "Storage_Size" ignored (not yet supported)
polyorb_hi_generated-activity.ads:134:05: info: initialization of "Result" proved
polyorb_hi_generated-activity.ads:140:13: warning: subprogram "Receive_Input" has no effect
polyorb_hi_generated-activity.ads:147:05: info: initialization of "Result.Data_Sink_DATA" proved
polyorb_hi_generated-activity.ads:153:05: info: initialization of "Result" proved
polyorb_hi_generated-activity.ads:159:05: info: initialization of "Result" proved
polyorb_hi_generated-activity.ads:165:05: info: initialization of "Result" proved
polyorb_hi_generated-activity.ads:182:05: info: initialization of "Port" proved
polyorb_hi_generated-activity.ads:189:06: info: initialization of "Result" proved
polyorb_hi_generated-activity.ads:191:03: warning: in instantiation at polyorb_hi-periodic_task.ads:74
polyorb_hi_generated-activity.ads:191:03: warning: pragma "Storage_Size" ignored (not yet supported)
polyorb_hi-periodic_task.ads:62:19: warning: subprogram "Activate_Entrypoint" has no effect, in instantiation at polyorb_hi_generated-activity.ads:101
polyorb_hi-periodic_task.ads:62:19: warning: subprogram "Activate_Entrypoint" has no effect, in instantiation at polyorb_hi_generated-activity.ads:191
polyorb_hi-periodic_task.ads:66:19: warning: subprogram "Recover_Entrypoint" has no effect, in instantiation at polyorb_hi_generated-activity.ads:101
polyorb_hi-periodic_task.ads:66:19: warning: subprogram "Recover_Entrypoint" has no effect, in instantiation at polyorb_hi_generated-activity.ads:191
polyorb_hi-periodic_task.ads:72:09: info: initialization of "The_Periodic_Task" proved, in instantiation at polyorb_hi_generated-activity.ads:101
polyorb_hi-periodic_task.ads:72:09: info: initialization of "The_Periodic_Task" proved, in instantiation at polyorb_hi_generated-activity.ads:191
polyorb_hi-periodic_task.ads:72:09: high: possible data race when accessing variable "producer_consumer.the_data", in instantiation at polyorb_hi_generated-activity.ads:101
polyorb_hi-periodic_task.ads:72:09: info: ceiling priority protocol is respected, in instantiation at polyorb_hi_generated-activity.ads:191
polyorb_hi-periodic_task.ads:72:09: info: ceiling priority protocol is respected, in instantiation at polyorb_hi_generated-activity.ads:101
polyorb_hi-periodic_task.ads:72:09: info: nontermination of task proved, in instantiation at polyorb_hi_generated-activity.ads:191
polyorb_hi-periodic_task.ads:72:09: info: nontermination of task proved, in instantiation at polyorb_hi_generated-activity.ads:101
polyorb_hi-thread_interrogators.ads:159:14: warning: subprogram "Receive_Input" has no effect, in instantiation at polyorb_hi_generated-activity.adb:102
polyorb_hi-thread_interrogators.ads:159:14: warning: subprogram "Receive_Input" has no effect, in instantiation at polyorb_hi_generated-activity.adb:193
polyorb_hi-thread_interrogators.ads:165:43: info: initialization of "T_Port.Data_Source_DATA" proved, in instantiation at polyorb_hi_generated-activity.adb:102
polyorb_hi-thread_interrogators.ads:165:43: info: initialization of "T_Port.Data_Sink_DATA" proved, in instantiation at polyorb_hi_generated-activity.adb:193
polyorb_hi-thread_interrogators.ads:173:44: info: initialization of "Sender" proved, in instantiation at polyorb_hi_generated-activity.adb:102
polyorb_hi-thread_interrogators.ads:173:44: info: initialization of "Sender" proved, in instantiation at polyorb_hi_generated-activity.adb:193
polyorb_hi-thread_interrogators.ads:181:43: info: initialization of "Count" proved, in instantiation at polyorb_hi_generated-activity.adb:102
polyorb_hi-thread_interrogators.ads:181:43: info: initialization of "Count" proved, in instantiation at polyorb_hi_generated-activity.adb:193
polyorb_hi-thread_interrogators.ads:193:40: info: initialization of "Port" proved, in instantiation at polyorb_hi_generated-activity.adb:102
polyorb_hi-thread_interrogators.ads:193:40: info: initialization of "Port" proved, in instantiation at polyorb_hi_generated-activity.adb:193
polyorb_hi-thread_interrogators.ads:198:30: info: initialization of "Port" proved, in instantiation at polyorb_hi_generated-activity.adb:102
polyorb_hi-thread_interrogators.ads:198:30: info: initialization of "Port" proved, in instantiation at polyorb_hi_generated-activity.adb:193
polyorb_hi-thread_interrogators.ads:198:52: info: initialization of "Valid" proved, in instantiation at polyorb_hi_generated-activity.adb:102
polyorb_hi-thread_interrogators.ads:198:52: info: initialization of "Valid" proved, in instantiation at polyorb_hi_generated-activity.adb:193
polyorb_hi-thread_interrogators.ads:214:45: info: initialization of "Result" proved, in instantiation at polyorb_hi_generated-activity.adb:102
polyorb_hi-thread_interrogators.ads:214:45: info: initialization of "Result" proved, in instantiation at polyorb_hi_generated-activity.adb:193
polyorb_hi-thread_interrogators.adb:54:04: medium: range check might fail, in instantiation at polyorb_hi_generated-activity.adb:193
polyorb_hi-thread_interrogators.adb:54:04: medium: range check might fail, in instantiation at polyorb_hi_generated-activity.adb:102
polyorb_hi-thread_interrogators.adb:54:04: info: range check proved, in instantiation at polyorb_hi_generated-activity.adb:193
polyorb_hi-thread_interrogators.adb:54:04: info: range check proved, in instantiation at polyorb_hi_generated-activity.adb:102
polyorb_hi-thread_interrogators.adb:56:39: info: division check proved, in instantiation at polyorb_hi_generated-activity.adb:102
polyorb_hi-thread_interrogators.adb:56:39: info: division check proved, in instantiation at polyorb_hi_generated-activity.adb:193
polyorb_hi-thread_interrogators.adb:58:47: info: length check proved, in instantiation at polyorb_hi_generated-activity.adb:102
polyorb_hi-thread_interrogators.adb:58:47: info: length check proved, in instantiation at polyorb_hi_generated-activity.adb:193
polyorb_hi-thread_interrogators.adb:115:39: info: range check proved, in instantiation at polyorb_hi_generated-activity.adb:193
polyorb_hi-thread_interrogators.adb:115:39: info: range check proved, in instantiation at polyorb_hi_generated-activity.adb:102
polyorb_hi-thread_interrogators.adb:117:25: info: initialization of "P" proved, in instantiation at polyorb_hi_generated-activity.adb:102
polyorb_hi-thread_interrogators.adb:117:25: info: initialization of "P" proved, in instantiation at polyorb_hi_generated-activity.adb:193
polyorb_hi-thread_interrogators.adb:121:29: info: initialization of "P" proved, in instantiation at polyorb_hi_generated-activity.adb:102
polyorb_hi-thread_interrogators.adb:121:29: info: initialization of "P" proved, in instantiation at polyorb_hi_generated-activity.adb:193
polyorb_hi-thread_interrogators.adb:121:48: info: initialization of "Valid" proved, in instantiation at polyorb_hi_generated-activity.adb:102
polyorb_hi-thread_interrogators.adb:121:48: info: initialization of "Valid" proved, in instantiation at polyorb_hi_generated-activity.adb:193
polyorb_hi-thread_interrogators.adb:155:17: info: ceiling priority protocol is respected, in instantiation at polyorb_hi_generated-activity.adb:193
polyorb_hi-thread_interrogators.adb:155:17: info: ceiling priority protocol is respected, in instantiation at polyorb_hi_generated-activity.adb:102
polyorb_hi-thread_interrogators.adb:280:13: info: initialization of "Valid" proved, in instantiation at polyorb_hi_generated-activity.adb:102
polyorb_hi-thread_interrogators.adb:280:13: info: initialization of "Valid" proved, in instantiation at polyorb_hi_generated-activity.adb:193
polyorb_hi-thread_interrogators.adb:346:42: info: overflow check proved, in instantiation at polyorb_hi_generated-activity.adb:102
polyorb_hi-thread_interrogators.adb:346:42: medium: overflow check might fail, in instantiation at polyorb_hi_generated-activity.adb:193
polyorb_hi-thread_interrogators.adb:351:43: info: overflow check proved, in instantiation at polyorb_hi_generated-activity.adb:102
polyorb_hi-thread_interrogators.adb:351:43: info: index check proved, in instantiation at polyorb_hi_generated-activity.adb:193
polyorb_hi-thread_interrogators.adb:351:43: info: overflow check proved, in instantiation at polyorb_hi_generated-activity.adb:193
polyorb_hi-thread_interrogators.adb:351:43: info: index check proved, in instantiation at polyorb_hi_generated-activity.adb:102
polyorb_hi-thread_interrogators.adb:351:53: info: overflow check proved, in instantiation at polyorb_hi_generated-activity.adb:102
polyorb_hi-thread_interrogators.adb:351:53: info: overflow check proved, in instantiation at polyorb_hi_generated-activity.adb:193
polyorb_hi-thread_interrogators.adb:357:44: info: range check proved, in instantiation at polyorb_hi_generated-activity.adb:102
polyorb_hi-thread_interrogators.adb:357:44: info: range check proved, in instantiation at polyorb_hi_generated-activity.adb:193
polyorb_hi-thread_interrogators.adb:357:51: info: overflow check proved, in instantiation at polyorb_hi_generated-activity.adb:102
polyorb_hi-thread_interrogators.adb:357:51: info: overflow check proved, in instantiation at polyorb_hi_generated-activity.adb:193
polyorb_hi-thread_interrogators.adb:364:50: info: range check proved, in instantiation at polyorb_hi_generated-activity.adb:102
polyorb_hi-thread_interrogators.adb:364:50: info: range check proved, in instantiation at polyorb_hi_generated-activity.adb:193
polyorb_hi-thread_interrogators.adb:364:57: info: overflow check proved, in instantiation at polyorb_hi_generated-activity.adb:102
polyorb_hi-thread_interrogators.adb:364:57: info: overflow check proved, in instantiation at polyorb_hi_generated-activity.adb:193
polyorb_hi-thread_interrogators.adb:412:43: info: overflow check proved, in instantiation at polyorb_hi_generated-activity.adb:102
polyorb_hi-thread_interrogators.adb:412:43: info: overflow check proved, in instantiation at polyorb_hi_generated-activity.adb:193
polyorb_hi-thread_interrogators.adb:412:52: info: overflow check proved, in instantiation at polyorb_hi_generated-activity.adb:102
polyorb_hi-thread_interrogators.adb:412:52: info: index check proved, in instantiation at polyorb_hi_generated-activity.adb:102
polyorb_hi-thread_interrogators.adb:412:52: info: index check proved, in instantiation at polyorb_hi_generated-activity.adb:193
polyorb_hi-thread_interrogators.adb:412:52: info: overflow check proved, in instantiation at polyorb_hi_generated-activity.adb:193
polyorb_hi-thread_interrogators.adb:425:17: info: initialization of "P.Payload" proved, in instantiation at polyorb_hi_generated-activity.adb:102
polyorb_hi-thread_interrogators.adb:425:17: info: initialization of "P.From" proved, in instantiation at polyorb_hi_generated-activity.adb:102
polyorb_hi-thread_interrogators.adb:425:17: info: initialization of "P.From" proved, in instantiation at polyorb_hi_generated-activity.adb:193
polyorb_hi-thread_interrogators.adb:425:17: info: initialization of "P.Payload" proved, in instantiation at polyorb_hi_generated-activity.adb:193
polyorb_hi-thread_interrogators.adb:478:37: info: length check proved, in instantiation at polyorb_hi_generated-activity.adb:193
polyorb_hi-thread_interrogators.adb:478:37: info: length check proved, in instantiation at polyorb_hi_generated-activity.adb:102
polyorb_hi-thread_interrogators.adb:514:56: info: overflow check proved, in instantiation at polyorb_hi_generated-activity.adb:193
polyorb_hi-thread_interrogators.adb:514:56: info: overflow check proved, in instantiation at polyorb_hi_generated-activity.adb:102
polyorb_hi-thread_interrogators.adb:514:65: info: index check proved, in instantiation at polyorb_hi_generated-activity.adb:193
polyorb_hi-thread_interrogators.adb:514:65: info: overflow check proved, in instantiation at polyorb_hi_generated-activity.adb:102
polyorb_hi-thread_interrogators.adb:514:65: info: index check proved, in instantiation at polyorb_hi_generated-activity.adb:102
polyorb_hi-thread_interrogators.adb:514:65: info: overflow check proved, in instantiation at polyorb_hi_generated-activity.adb:193
polyorb_hi-thread_interrogators.adb:531:62: info: range check proved, in instantiation at polyorb_hi_generated-activity.adb:193
polyorb_hi-thread_interrogators.adb:531:62: info: range check proved, in instantiation at polyorb_hi_generated-activity.adb:102
polyorb_hi-thread_interrogators.adb:531:69: info: overflow check proved, in instantiation at polyorb_hi_generated-activity.adb:102
polyorb_hi-thread_interrogators.adb:531:69: info: overflow check proved, in instantiation at polyorb_hi_generated-activity.adb:193
polyorb_hi-thread_interrogators.adb:538:42: info: initialization of "Frst" proved, in instantiation at polyorb_hi_generated-activity.adb:102
polyorb_hi-thread_interrogators.adb:538:42: info: initialization of "Frst" proved, in instantiation at polyorb_hi_generated-activity.adb:193
polyorb_hi-thread_interrogators.adb:538:42: info: index check proved, in instantiation at polyorb_hi_generated-activity.adb:193
polyorb_hi-thread_interrogators.adb:538:42: info: index check proved, in instantiation at polyorb_hi_generated-activity.adb:102
polyorb_hi-thread_interrogators.adb:541:42: info: initialization of "Frst" proved, in instantiation at polyorb_hi_generated-activity.adb:102
polyorb_hi-thread_interrogators.adb:541:42: info: initialization of "Frst" proved, in instantiation at polyorb_hi_generated-activity.adb:193
polyorb_hi-thread_interrogators.adb:541:47: info: overflow check proved, in instantiation at polyorb_hi_generated-activity.adb:193
polyorb_hi-thread_interrogators.adb:541:47: info: overflow check proved, in instantiation at polyorb_hi_generated-activity.adb:102
polyorb_hi-thread_interrogators.adb:542:37: info: initialization of "Frst" proved, in instantiation at polyorb_hi_generated-activity.adb:102
polyorb_hi-thread_interrogators.adb:542:37: info: initialization of "Frst" proved, in instantiation at polyorb_hi_generated-activity.adb:193
polyorb_hi-thread_interrogators.adb:547:34: info: initialization of "Frst" proved, in instantiation at polyorb_hi_generated-activity.adb:102
polyorb_hi-thread_interrogators.adb:547:34: info: initialization of "Frst" proved, in instantiation at polyorb_hi_generated-activity.adb:193
polyorb_hi-thread_interrogators.adb:558:52: info: initialization of "Frst" proved, in instantiation at polyorb_hi_generated-activity.adb:102
polyorb_hi-thread_interrogators.adb:558:52: info: initialization of "Frst" proved, in instantiation at polyorb_hi_generated-activity.adb:193
polyorb_hi-thread_interrogators.adb:558:52: info: index check proved, in instantiation at polyorb_hi_generated-activity.adb:193
polyorb_hi-thread_interrogators.adb:558:52: info: index check proved, in instantiation at polyorb_hi_generated-activity.adb:102
polyorb_hi-thread_interrogators.adb:559:45: info: initialization of "Frst" proved, in instantiation at polyorb_hi_generated-activity.adb:102
polyorb_hi-thread_interrogators.adb:559:45: info: initialization of "Frst" proved, in instantiation at polyorb_hi_generated-activity.adb:193
polyorb_hi-thread_interrogators.adb:559:50: info: overflow check proved, in instantiation at polyorb_hi_generated-activity.adb:193
polyorb_hi-thread_interrogators.adb:559:50: info: overflow check proved, in instantiation at polyorb_hi_generated-activity.adb:102
polyorb_hi-thread_interrogators.adb:566:55: info: overflow check proved, in instantiation at polyorb_hi_generated-activity.adb:193
polyorb_hi-thread_interrogators.adb:566:55: info: overflow check proved, in instantiation at polyorb_hi_generated-activity.adb:102
polyorb_hi-thread_interrogators.adb:566:64: info: overflow check proved, in instantiation at polyorb_hi_generated-activity.adb:102
polyorb_hi-thread_interrogators.adb:566:64: info: overflow check proved, in instantiation at polyorb_hi_generated-activity.adb:193
polyorb_hi-thread_interrogators.adb:566:64: info: index check proved, in instantiation at polyorb_hi_generated-activity.adb:193
polyorb_hi-thread_interrogators.adb:566:64: info: index check proved, in instantiation at polyorb_hi_generated-activity.adb:102
polyorb_hi-thread_interrogators.adb:580:42: info: initialization of "Frst" proved, in instantiation at polyorb_hi_generated-activity.adb:102
polyorb_hi-thread_interrogators.adb:580:42: info: initialization of "Frst" proved, in instantiation at polyorb_hi_generated-activity.adb:193
polyorb_hi-thread_interrogators.adb:580:42: info: index check proved, in instantiation at polyorb_hi_generated-activity.adb:102
polyorb_hi-thread_interrogators.adb:580:42: info: index check proved, in instantiation at polyorb_hi_generated-activity.adb:193
polyorb_hi-thread_interrogators.adb:583:42: info: initialization of "Frst" proved, in instantiation at polyorb_hi_generated-activity.adb:102
polyorb_hi-thread_interrogators.adb:583:42: info: initialization of "Frst" proved, in instantiation at polyorb_hi_generated-activity.adb:193
polyorb_hi-thread_interrogators.adb:583:47: info: overflow check proved, in instantiation at polyorb_hi_generated-activity.adb:102
polyorb_hi-thread_interrogators.adb:583:47: info: overflow check proved, in instantiation at polyorb_hi_generated-activity.adb:193
polyorb_hi-thread_interrogators.adb:584:37: info: initialization of "Frst" proved, in instantiation at polyorb_hi_generated-activity.adb:102
polyorb_hi-thread_interrogators.adb:584:37: info: initialization of "Frst" proved, in instantiation at polyorb_hi_generated-activity.adb:193
polyorb_hi-thread_interrogators.adb:589:34: info: initialization of "Frst" proved, in instantiation at polyorb_hi_generated-activity.adb:102
polyorb_hi-thread_interrogators.adb:589:34: info: initialization of "Frst" proved, in instantiation at polyorb_hi_generated-activity.adb:193
polyorb_hi-thread_interrogators.adb:593:52: info: initialization of "Frst" proved, in instantiation at polyorb_hi_generated-activity.adb:102
polyorb_hi-thread_interrogators.adb:593:52: info: initialization of "Frst" proved, in instantiation at polyorb_hi_generated-activity.adb:193
polyorb_hi-thread_interrogators.adb:593:52: info: index check proved, in instantiation at polyorb_hi_generated-activity.adb:193
polyorb_hi-thread_interrogators.adb:593:52: info: index check proved, in instantiation at polyorb_hi_generated-activity.adb:102
polyorb_hi-thread_interrogators.adb:594:42: info: initialization of "Frst" proved, in instantiation at polyorb_hi_generated-activity.adb:102
polyorb_hi-thread_interrogators.adb:594:42: info: initialization of "Frst" proved, in instantiation at polyorb_hi_generated-activity.adb:193
polyorb_hi-thread_interrogators.adb:594:47: info: overflow check proved, in instantiation at polyorb_hi_generated-activity.adb:102
polyorb_hi-thread_interrogators.adb:594:47: info: overflow check proved, in instantiation at polyorb_hi_generated-activity.adb:193
polyorb_hi-thread_interrogators.adb:600:44: info: precondition proved, in instantiation at polyorb_hi_generated-activity.adb:102
polyorb_hi-thread_interrogators.adb:600:44: info: precondition proved, in instantiation at polyorb_hi_generated-activity.adb:193
polyorb_hi-thread_interrogators.adb:602:31: info: raise statement proved unreachable, in instantiation at polyorb_hi_generated-activity.adb:102
polyorb_hi-thread_interrogators.adb:602:31: info: raise statement proved unreachable, in instantiation at polyorb_hi_generated-activity.adb:193
polyorb_hi-thread_interrogators.adb:617:38: info: initialization of "Frst" proved, in instantiation at polyorb_hi_generated-activity.adb:102
polyorb_hi-thread_interrogators.adb:617:38: info: initialization of "Frst" proved, in instantiation at polyorb_hi_generated-activity.adb:193
polyorb_hi-thread_interrogators.adb:618:54: info: index check proved, in instantiation at polyorb_hi_generated-activity.adb:193
polyorb_hi-thread_interrogators.adb:618:54: info: index check proved, in instantiation at polyorb_hi_generated-activity.adb:102
polyorb_hi-thread_interrogators.adb:619:33: info: index check proved, in instantiation at polyorb_hi_generated-activity.adb:193
polyorb_hi-thread_interrogators.adb:619:33: info: index check proved, in instantiation at polyorb_hi_generated-activity.adb:102
polyorb_hi-thread_interrogators.adb:619:47: info: initialization of "Frst" proved, in instantiation at polyorb_hi_generated-activity.adb:102
polyorb_hi-thread_interrogators.adb:619:47: info: initialization of "Frst" proved, in instantiation at polyorb_hi_generated-activity.adb:193
polyorb_hi-thread_interrogators.adb:619:52: info: overflow check proved, in instantiation at polyorb_hi_generated-activity.adb:102
polyorb_hi-thread_interrogators.adb:619:52: info: overflow check proved, in instantiation at polyorb_hi_generated-activity.adb:193
polyorb_hi-thread_interrogators.adb:619:52: info: index check proved, in instantiation at polyorb_hi_generated-activity.adb:102
polyorb_hi-thread_interrogators.adb:619:52: info: index check proved, in instantiation at polyorb_hi_generated-activity.adb:193
polyorb_hi-thread_interrogators.adb:620:36: info: initialization of "Frst" proved, in instantiation at polyorb_hi_generated-activity.adb:102
polyorb_hi-thread_interrogators.adb:620:36: info: initialization of "Frst" proved, in instantiation at polyorb_hi_generated-activity.adb:193
polyorb_hi-thread_interrogators.adb:620:41: info: overflow check proved, in instantiation at polyorb_hi_generated-activity.adb:102
polyorb_hi-thread_interrogators.adb:620:41: info: overflow check proved, in instantiation at polyorb_hi_generated-activity.adb:193
polyorb_hi-thread_interrogators.adb:623:28: info: initialization of "Frst" proved, in instantiation at polyorb_hi_generated-activity.adb:102
polyorb_hi-thread_interrogators.adb:623:28: info: initialization of "Frst" proved, in instantiation at polyorb_hi_generated-activity.adb:193
polyorb_hi-thread_interrogators.adb:624:52: info: index check proved, in instantiation at polyorb_hi_generated-activity.adb:102
polyorb_hi-thread_interrogators.adb:624:52: info: index check proved, in instantiation at polyorb_hi_generated-activity.adb:193
polyorb_hi-thread_interrogators.adb:627:65: info: initialization of "Frst" proved, in instantiation at polyorb_hi_generated-activity.adb:102
polyorb_hi-thread_interrogators.adb:627:65: info: initialization of "Frst" proved, in instantiation at polyorb_hi_generated-activity.adb:193
polyorb_hi-thread_interrogators.adb:627:65: info: index check proved, in instantiation at polyorb_hi_generated-activity.adb:102
polyorb_hi-thread_interrogators.adb:627:65: info: index check proved, in instantiation at polyorb_hi_generated-activity.adb:193
polyorb_hi-thread_interrogators.adb:629:57: info: initialization of "Frst" proved, in instantiation at polyorb_hi_generated-activity.adb:102
polyorb_hi-thread_interrogators.adb:629:57: info: initialization of "Frst" proved, in instantiation at polyorb_hi_generated-activity.adb:193
polyorb_hi-thread_interrogators.adb:629:57: info: index check proved, in instantiation at polyorb_hi_generated-activity.adb:102
polyorb_hi-thread_interrogators.adb:629:57: info: index check proved, in instantiation at polyorb_hi_generated-activity.adb:193
polyorb_hi-thread_interrogators.adb:630:36: info: index check proved, in instantiation at polyorb_hi_generated-activity.adb:102
polyorb_hi-thread_interrogators.adb:630:36: info: index check proved, in instantiation at polyorb_hi_generated-activity.adb:193
polyorb_hi-thread_interrogators.adb:630:50: info: initialization of "Frst" proved, in instantiation at polyorb_hi_generated-activity.adb:102
polyorb_hi-thread_interrogators.adb:630:50: info: initialization of "Frst" proved, in instantiation at polyorb_hi_generated-activity.adb:193
polyorb_hi-thread_interrogators.adb:630:55: info: index check proved, in instantiation at polyorb_hi_generated-activity.adb:102
polyorb_hi-thread_interrogators.adb:630:55: info: overflow check proved, in instantiation at polyorb_hi_generated-activity.adb:193
polyorb_hi-thread_interrogators.adb:630:55: info: index check proved, in instantiation at polyorb_hi_generated-activity.adb:193
polyorb_hi-thread_interrogators.adb:630:55: info: overflow check proved, in instantiation at polyorb_hi_generated-activity.adb:102
polyorb_hi-thread_interrogators.adb:631:39: info: initialization of "Frst" proved, in instantiation at polyorb_hi_generated-activity.adb:102
polyorb_hi-thread_interrogators.adb:631:39: info: initialization of "Frst" proved, in instantiation at polyorb_hi_generated-activity.adb:193
polyorb_hi-thread_interrogators.adb:631:44: info: overflow check proved, in instantiation at polyorb_hi_generated-activity.adb:102
polyorb_hi-thread_interrogators.adb:631:44: info: overflow check proved, in instantiation at polyorb_hi_generated-activity.adb:193
polyorb_hi-thread_interrogators.adb:641:48: info: overflow check proved, in instantiation at polyorb_hi_generated-activity.adb:193
polyorb_hi-thread_interrogators.adb:641:48: info: overflow check proved, in instantiation at polyorb_hi_generated-activity.adb:102
polyorb_hi-thread_interrogators.adb:649:52: info: range check proved, in instantiation at polyorb_hi_generated-activity.adb:193
polyorb_hi-thread_interrogators.adb:649:52: info: range check proved, in instantiation at polyorb_hi_generated-activity.adb:102
polyorb_hi-thread_interrogators.adb:649:59: info: overflow check proved, in instantiation at polyorb_hi_generated-activity.adb:102
polyorb_hi-thread_interrogators.adb:649:59: info: overflow check proved, in instantiation at polyorb_hi_generated-activity.adb:193
polyorb_hi-thread_interrogators.adb:652:46: info: overflow check proved, in instantiation at polyorb_hi_generated-activity.adb:102
polyorb_hi-thread_interrogators.adb:652:46: info: overflow check proved, in instantiation at polyorb_hi_generated-activity.adb:193
polyorb_hi-thread_interrogators.adb:652:55: info: index check proved, in instantiation at polyorb_hi_generated-activity.adb:193
polyorb_hi-thread_interrogators.adb:652:55: info: overflow check proved, in instantiation at polyorb_hi_generated-activity.adb:193
polyorb_hi-thread_interrogators.adb:652:55: info: index check proved, in instantiation at polyorb_hi_generated-activity.adb:102
polyorb_hi-thread_interrogators.adb:652:55: info: overflow check proved, in instantiation at polyorb_hi_generated-activity.adb:102
polyorb_hi-thread_interrogators.adb:669:29: info: initialization of "Replace" proved, in instantiation at polyorb_hi_generated-activity.adb:102
polyorb_hi-thread_interrogators.adb:669:29: info: initialization of "Replace" proved, in instantiation at polyorb_hi_generated-activity.adb:193
polyorb_hi-thread_interrogators.adb:672:61: info: range check proved, in instantiation at polyorb_hi_generated-activity.adb:102
polyorb_hi-thread_interrogators.adb:672:61: info: range check proved, in instantiation at polyorb_hi_generated-activity.adb:193
polyorb_hi-thread_interrogators.adb:672:68: info: overflow check proved, in instantiation at polyorb_hi_generated-activity.adb:193
polyorb_hi-thread_interrogators.adb:672:68: info: overflow check proved, in instantiation at polyorb_hi_generated-activity.adb:102
polyorb_hi-thread_interrogators.adb:691:28: info: initialization of "Frst" proved, in instantiation at polyorb_hi_generated-activity.adb:102
polyorb_hi-thread_interrogators.adb:691:28: info: initialization of "Frst" proved, in instantiation at polyorb_hi_generated-activity.adb:193
polyorb_hi-thread_interrogators.adb:692:52: info: index check proved, in instantiation at polyorb_hi_generated-activity.adb:102
polyorb_hi-thread_interrogators.adb:692:52: info: index check proved, in instantiation at polyorb_hi_generated-activity.adb:193
polyorb_hi-thread_interrogators.adb:693:50: info: initialization of "Frst" proved, in instantiation at polyorb_hi_generated-activity.adb:102
polyorb_hi-thread_interrogators.adb:693:50: info: initialization of "Frst" proved, in instantiation at polyorb_hi_generated-activity.adb:193
polyorb_hi-thread_interrogators.adb:693:50: info: index check proved, in instantiation at polyorb_hi_generated-activity.adb:193
polyorb_hi-thread_interrogators.adb:693:50: info: index check proved, in instantiation at polyorb_hi_generated-activity.adb:102
polyorb_hi-thread_interrogators.adb:694:36: info: initialization of "Frst" proved, in instantiation at polyorb_hi_generated-activity.adb:102
polyorb_hi-thread_interrogators.adb:694:36: info: initialization of "Frst" proved, in instantiation at polyorb_hi_generated-activity.adb:193
polyorb_hi-thread_interrogators.adb:694:41: info: overflow check proved, in instantiation at polyorb_hi_generated-activity.adb:102
polyorb_hi-thread_interrogators.adb:694:41: info: overflow check proved, in instantiation at polyorb_hi_generated-activity.adb:193
polyorb_hi-thread_interrogators.adb:697:47: info: initialization of "Frst" proved, in instantiation at polyorb_hi_generated-activity.adb:102
polyorb_hi-thread_interrogators.adb:697:47: info: initialization of "Frst" proved, in instantiation at polyorb_hi_generated-activity.adb:193
polyorb_hi-thread_interrogators.adb:697:47: info: index check proved, in instantiation at polyorb_hi_generated-activity.adb:102
polyorb_hi-thread_interrogators.adb:697:47: info: index check proved, in instantiation at polyorb_hi_generated-activity.adb:193
polyorb_hi-thread_interrogators.adb:700:38: info: overflow check proved, in instantiation at polyorb_hi_generated-activity.adb:102
polyorb_hi-thread_interrogators.adb:700:38: info: index check proved, in instantiation at polyorb_hi_generated-activity.adb:193
polyorb_hi-thread_interrogators.adb:700:38: info: overflow check proved, in instantiation at polyorb_hi_generated-activity.adb:193
polyorb_hi-thread_interrogators.adb:700:38: info: index check proved, in instantiation at polyorb_hi_generated-activity.adb:102
polyorb_hi-thread_interrogators.adb:700:51: info: initialization of "Frst" proved, in instantiation at polyorb_hi_generated-activity.adb:102
polyorb_hi-thread_interrogators.adb:700:51: info: initialization of "Frst" proved, in instantiation at polyorb_hi_generated-activity.adb:193
polyorb_hi-thread_interrogators.adb:700:51: info: index check proved, in instantiation at polyorb_hi_generated-activity.adb:193
polyorb_hi-thread_interrogators.adb:700:51: info: index check proved, in instantiation at polyorb_hi_generated-activity.adb:102
polyorb_hi-thread_interrogators.adb:701:36: info: initialization of "Frst" proved, in instantiation at polyorb_hi_generated-activity.adb:102
polyorb_hi-thread_interrogators.adb:701:36: info: initialization of "Frst" proved, in instantiation at polyorb_hi_generated-activity.adb:193
polyorb_hi-thread_interrogators.adb:701:41: info: overflow check proved, in instantiation at polyorb_hi_generated-activity.adb:102
polyorb_hi-thread_interrogators.adb:701:41: info: overflow check proved, in instantiation at polyorb_hi_generated-activity.adb:193
polyorb_hi-thread_interrogators.adb:703:50: info: initialization of "Frst" proved, in instantiation at polyorb_hi_generated-activity.adb:102
polyorb_hi-thread_interrogators.adb:703:50: info: initialization of "Frst" proved, in instantiation at polyorb_hi_generated-activity.adb:193
polyorb_hi-thread_interrogators.adb:707:28: info: initialization of "Frst" proved, in instantiation at polyorb_hi_generated-activity.adb:102
polyorb_hi-thread_interrogators.adb:707:28: info: initialization of "Frst" proved, in instantiation at polyorb_hi_generated-activity.adb:193
polyorb_hi-thread_interrogators.adb:710:47: info: initialization of "Frst" proved, in instantiation at polyorb_hi_generated-activity.adb:102
polyorb_hi-thread_interrogators.adb:710:47: info: initialization of "Frst" proved, in instantiation at polyorb_hi_generated-activity.adb:193
polyorb_hi-thread_interrogators.adb:710:47: info: index check proved, in instantiation at polyorb_hi_generated-activity.adb:193
polyorb_hi-thread_interrogators.adb:710:47: info: index check proved, in instantiation at polyorb_hi_generated-activity.adb:102
polyorb_hi-thread_interrogators.adb:711:62: info: initialization of "Frst" proved, in instantiation at polyorb_hi_generated-activity.adb:102
polyorb_hi-thread_interrogators.adb:711:62: info: initialization of "Frst" proved, in instantiation at polyorb_hi_generated-activity.adb:193
polyorb_hi-thread_interrogators.adb:711:62: info: index check proved, in instantiation at polyorb_hi_generated-activity.adb:102
polyorb_hi-thread_interrogators.adb:711:62: info: index check proved, in instantiation at polyorb_hi_generated-activity.adb:193
polyorb_hi-thread_interrogators.adb:712:39: info: initialization of "Frst" proved, in instantiation at polyorb_hi_generated-activity.adb:102
polyorb_hi-thread_interrogators.adb:712:39: info: initialization of "Frst" proved, in instantiation at polyorb_hi_generated-activity.adb:193
polyorb_hi-thread_interrogators.adb:712:44: info: overflow check proved, in instantiation at polyorb_hi_generated-activity.adb:102
polyorb_hi-thread_interrogators.adb:712:44: info: overflow check proved, in instantiation at polyorb_hi_generated-activity.adb:193
polyorb_hi-thread_interrogators.adb:714:53: info: initialization of "Frst" proved, in instantiation at polyorb_hi_generated-activity.adb:102
polyorb_hi-thread_interrogators.adb:714:53: info: initialization of "Frst" proved, in instantiation at polyorb_hi_generated-activity.adb:193
polyorb_hi-thread_interrogators.adb:714:53: info: index check proved, in instantiation at polyorb_hi_generated-activity.adb:193
polyorb_hi-thread_interrogators.adb:714:53: info: index check proved, in instantiation at polyorb_hi_generated-activity.adb:102
polyorb_hi-thread_interrogators.adb:717:44: info: index check proved, in instantiation at polyorb_hi_generated-activity.adb:193
polyorb_hi-thread_interrogators.adb:717:44: info: overflow check proved, in instantiation at polyorb_hi_generated-activity.adb:102
polyorb_hi-thread_interrogators.adb:717:44: info: overflow check proved, in instantiation at polyorb_hi_generated-activity.adb:193
polyorb_hi-thread_interrogators.adb:717:44: info: index check proved, in instantiation at polyorb_hi_generated-activity.adb:102
polyorb_hi-thread_interrogators.adb:717:57: info: initialization of "Frst" proved, in instantiation at polyorb_hi_generated-activity.adb:102
polyorb_hi-thread_interrogators.adb:717:57: info: initialization of "Frst" proved, in instantiation at polyorb_hi_generated-activity.adb:193
polyorb_hi-thread_interrogators.adb:717:57: info: index check proved, in instantiation at polyorb_hi_generated-activity.adb:193
polyorb_hi-thread_interrogators.adb:717:57: info: index check proved, in instantiation at polyorb_hi_generated-activity.adb:102
polyorb_hi-thread_interrogators.adb:718:42: info: initialization of "Frst" proved, in instantiation at polyorb_hi_generated-activity.adb:102
polyorb_hi-thread_interrogators.adb:718:42: info: initialization of "Frst" proved, in instantiation at polyorb_hi_generated-activity.adb:193
polyorb_hi-thread_interrogators.adb:718:47: info: overflow check proved, in instantiation at polyorb_hi_generated-activity.adb:102
polyorb_hi-thread_interrogators.adb:718:47: info: overflow check proved, in instantiation at polyorb_hi_generated-activity.adb:193
polyorb_hi-thread_interrogators.adb:719:44: info: initialization of "Frst" proved, in instantiation at polyorb_hi_generated-activity.adb:102
polyorb_hi-thread_interrogators.adb:719:44: info: initialization of "Frst" proved, in instantiation at polyorb_hi_generated-activity.adb:193
polyorb_hi-thread_interrogators.adb:726:25: info: initialization of "Frst" proved, in instantiation at polyorb_hi_generated-activity.adb:102
polyorb_hi-thread_interrogators.adb:726:25: info: initialization of "Frst" proved, in instantiation at polyorb_hi_generated-activity.adb:193
polyorb_hi-thread_interrogators.adb:727:32: info: index check proved, in instantiation at polyorb_hi_generated-activity.adb:102
polyorb_hi-thread_interrogators.adb:727:32: info: index check proved, in instantiation at polyorb_hi_generated-activity.adb:193
polyorb_hi-thread_interrogators.adb:727:32: info: division check proved, in instantiation at polyorb_hi_generated-activity.adb:193
polyorb_hi-thread_interrogators.adb:727:32: info: division check proved, in instantiation at polyorb_hi_generated-activity.adb:102
polyorb_hi-thread_interrogators.adb:737:35: info: overflow check proved, in instantiation at polyorb_hi_generated-activity.adb:102
polyorb_hi-thread_interrogators.adb:737:35: info: index check proved, in instantiation at polyorb_hi_generated-activity.adb:102
polyorb_hi-thread_interrogators.adb:737:35: info: overflow check proved, in instantiation at polyorb_hi_generated-activity.adb:193
polyorb_hi-thread_interrogators.adb:737:35: info: index check proved, in instantiation at polyorb_hi_generated-activity.adb:193
polyorb_hi-thread_interrogators.adb:737:40: info: initialization of "Frst" proved, in instantiation at polyorb_hi_generated-activity.adb:102
polyorb_hi-thread_interrogators.adb:737:40: info: initialization of "Frst" proved, in instantiation at polyorb_hi_generated-activity.adb:193
polyorb_hi-thread_interrogators.adb:796:37: info: length check proved, in instantiation at polyorb_hi_generated-activity.adb:102
polyorb_hi-thread_interrogators.adb:796:37: info: length check proved, in instantiation at polyorb_hi_generated-activity.adb:193
polyorb_hi-thread_interrogators.adb:887:33: info: overflow check proved, in instantiation at polyorb_hi_generated-activity.adb:193
polyorb_hi-thread_interrogators.adb:887:33: info: overflow check proved, in instantiation at polyorb_hi_generated-activity.adb:102
polyorb_hi-thread_interrogators.adb:887:41: info: overflow check proved, in instantiation at polyorb_hi_generated-activity.adb:193
polyorb_hi-thread_interrogators.adb:887:41: info: overflow check proved, in instantiation at polyorb_hi_generated-activity.adb:102
polyorb_hi-thread_interrogators.adb:887:48: info: overflow check proved, in instantiation at polyorb_hi_generated-activity.adb:193
polyorb_hi-thread_interrogators.adb:887:48: info: overflow check proved, in instantiation at polyorb_hi_generated-activity.adb:102
polyorb_hi-thread_interrogators.adb:958:44: info: overflow check proved, in instantiation at polyorb_hi_generated-activity.adb:102
polyorb_hi-thread_interrogators.adb:958:44: info: overflow check proved, in instantiation at polyorb_hi_generated-activity.adb:193
polyorb_hi-thread_interrogators.adb:958:53: info: index check proved, in instantiation at polyorb_hi_generated-activity.adb:193
polyorb_hi-thread_interrogators.adb:958:53: info: overflow check proved, in instantiation at polyorb_hi_generated-activity.adb:193
polyorb_hi-thread_interrogators.adb:958:53: info: overflow check proved, in instantiation at polyorb_hi_generated-activity.adb:102
polyorb_hi-thread_interrogators.adb:958:53: info: index check proved, in instantiation at polyorb_hi_generated-activity.adb:102
polyorb_hi-thread_interrogators.adb:1009:45: medium: array index check might fail, in instantiation at polyorb_hi_generated-activity.adb:102
polyorb_hi-thread_interrogators.adb:1009:45: info: overflow check proved, in instantiation at polyorb_hi_generated-activity.adb:193
polyorb_hi-thread_interrogators.adb:1009:45: info: overflow check proved, in instantiation at polyorb_hi_generated-activity.adb:102
polyorb_hi-thread_interrogators.adb:1009:45: info: index check proved, in instantiation at polyorb_hi_generated-activity.adb:193
polyorb_hi-thread_interrogators.adb:1009:55: info: overflow check proved, in instantiation at polyorb_hi_generated-activity.adb:193
polyorb_hi-thread_interrogators.adb:1009:55: info: overflow check proved, in instantiation at polyorb_hi_generated-activity.adb:102
polyorb_hi-thread_interrogators.adb:1016:46: medium: array index check might fail, in instantiation at polyorb_hi_generated-activity.adb:102
polyorb_hi-thread_interrogators.adb:1016:46: info: overflow check proved, in instantiation at polyorb_hi_generated-activity.adb:102
polyorb_hi-thread_interrogators.adb:1016:46: info: overflow check proved, in instantiation at polyorb_hi_generated-activity.adb:193
polyorb_hi-thread_interrogators.adb:1016:46: info: index check proved, in instantiation at polyorb_hi_generated-activity.adb:193
polyorb_hi-thread_interrogators.adb:1016:56: info: overflow check proved, in instantiation at polyorb_hi_generated-activity.adb:193
polyorb_hi-thread_interrogators.adb:1016:56: info: overflow check proved, in instantiation at polyorb_hi_generated-activity.adb:102
polyorb_hi-thread_interrogators.adb:1030:14: info: initialization of "S.From" proved, in instantiation at polyorb_hi_generated-activity.adb:102
polyorb_hi-thread_interrogators.adb:1030:14: info: initialization of "S.Payload" proved, in instantiation at polyorb_hi_generated-activity.adb:102
polyorb_hi-thread_interrogators.adb:1030:14: info: initialization of "S.From" proved, in instantiation at polyorb_hi_generated-activity.adb:193
polyorb_hi-thread_interrogators.adb:1030:14: info: initialization of "S.Payload" proved, in instantiation at polyorb_hi_generated-activity.adb:193
polyorb_hi-thread_interrogators.adb:1114:38: info: overflow check proved, in instantiation at polyorb_hi_generated-activity.adb:193
polyorb_hi-thread_interrogators.adb:1114:38: info: overflow check proved, in instantiation at polyorb_hi_generated-activity.adb:102
polyorb_hi-thread_interrogators.adb:1114:47: info: index check proved, in instantiation at polyorb_hi_generated-activity.adb:193
polyorb_hi-thread_interrogators.adb:1114:47: info: overflow check proved, in instantiation at polyorb_hi_generated-activity.adb:102
polyorb_hi-thread_interrogators.adb:1114:47: info: index check proved, in instantiation at polyorb_hi_generated-activity.adb:102
polyorb_hi-thread_interrogators.adb:1114:47: info: overflow check proved, in instantiation at polyorb_hi_generated-activity.adb:193
polyorb_hi-thread_interrogators.adb:1160:38: info: overflow check proved, in instantiation at polyorb_hi_generated-activity.adb:193
polyorb_hi-thread_interrogators.adb:1160:38: info: overflow check proved, in instantiation at polyorb_hi_generated-activity.adb:102
polyorb_hi-thread_interrogators.adb:1160:47: info: overflow check proved, in instantiation at polyorb_hi_generated-activity.adb:102
polyorb_hi-thread_interrogators.adb:1160:47: info: index check proved, in instantiation at polyorb_hi_generated-activity.adb:193
polyorb_hi-thread_interrogators.adb:1160:47: info: overflow check proved, in instantiation at polyorb_hi_generated-activity.adb:193
polyorb_hi-thread_interrogators.adb:1160:47: info: index check proved, in instantiation at polyorb_hi_generated-activity.adb:102
polyorb_hi-thread_interrogators.adb:1161:39: info: overflow check proved, in instantiation at polyorb_hi_generated-activity.adb:102
polyorb_hi-thread_interrogators.adb:1161:39: info: overflow check proved, in instantiation at polyorb_hi_generated-activity.adb:193
polyorb_hi-thread_interrogators.adb:1161:48: info: index check proved, in instantiation at polyorb_hi_generated-activity.adb:193
polyorb_hi-thread_interrogators.adb:1161:48: info: overflow check proved, in instantiation at polyorb_hi_generated-activity.adb:193
polyorb_hi-thread_interrogators.adb:1161:48: info: overflow check proved, in instantiation at polyorb_hi_generated-activity.adb:102
polyorb_hi-thread_interrogators.adb:1161:48: info: index check proved, in instantiation at polyorb_hi_generated-activity.adb:102
polyorb_hi-thread_interrogators.adb:1162:37: info: overflow check proved, in instantiation at polyorb_hi_generated-activity.adb:193
polyorb_hi-thread_interrogators.adb:1162:37: info: overflow check proved, in instantiation at polyorb_hi_generated-activity.adb:102
polyorb_hi-thread_interrogators.adb:1162:46: info: overflow check proved, in instantiation at polyorb_hi_generated-activity.adb:193
polyorb_hi-thread_interrogators.adb:1162:46: info: index check proved, in instantiation at polyorb_hi_generated-activity.adb:193
polyorb_hi-thread_interrogators.adb:1162:46: info: overflow check proved, in instantiation at polyorb_hi_generated-activity.adb:102
polyorb_hi-thread_interrogators.adb:1162:46: info: index check proved, in instantiation at polyorb_hi_generated-activity.adb:102
polyorb_hi-thread_interrogators.adb:1290:14: info: range check proved, in instantiation at polyorb_hi_generated-activity.adb:102
polyorb_hi-thread_interrogators.adb:1290:14: info: range check proved, in instantiation at polyorb_hi_generated-activity.adb:193
polyorb_hi-thread_interrogators.adb:1295:27: info: length check proved, in instantiation at polyorb_hi_generated-activity.adb:193
polyorb_hi-thread_interrogators.adb:1295:27: info: length check proved, in instantiation at polyorb_hi_generated-activity.adb:102
polyorb_hi-thread_interrogators.adb:1315:52: info: precondition proved, in instantiation at polyorb_hi_generated-activity.adb:102
polyorb_hi-thread_interrogators.adb:1315:52: info: precondition proved, in instantiation at polyorb_hi_generated-activity.adb:193
polyorb_hi-thread_interrogators.adb:1318:14: info: discriminant check proved, in instantiation at polyorb_hi_generated-activity.adb:102
polyorb_hi-thread_interrogators.adb:1318:14: medium: discriminant check might fail, in instantiation at polyorb_hi_generated-activity.adb:193
polyorb_hi-thread_interrogators.adb:1318:38: info: length check proved, in instantiation at polyorb_hi_generated-activity.adb:193
polyorb_hi-thread_interrogators.adb:1318:38: info: length check proved, in instantiation at polyorb_hi_generated-activity.adb:102
polyorb_hi-thread_interrogators.adb:1333:29: info: precondition proved, in instantiation at polyorb_hi_generated-activity.adb:193
polyorb_hi-thread_interrogators.adb:1333:29: info: precondition proved, in instantiation at polyorb_hi_generated-activity.adb:102
polyorb_hi-thread_interrogators.adb:1349:28: info: precondition proved, in instantiation at polyorb_hi_generated-activity.adb:102
polyorb_hi-thread_interrogators.adb:1349:28: info: precondition proved, in instantiation at polyorb_hi_generated-activity.adb:193
polyorb_hi-thread_interrogators.adb:1370:19: info: precondition proved, in instantiation at polyorb_hi_generated-activity.adb:193
polyorb_hi-thread_interrogators.adb:1370:19: info: precondition proved, in instantiation at polyorb_hi_generated-activity.adb:102
polyorb_hi-thread_interrogators.adb:1413:14: info: range check proved, in instantiation at polyorb_hi_generated-activity.adb:193
polyorb_hi-thread_interrogators.adb:1413:14: info: range check proved, in instantiation at polyorb_hi_generated-activity.adb:102
polyorb_hi-thread_interrogators.adb:1422:17: info: length check proved, in instantiation at polyorb_hi_generated-activity.adb:102
polyorb_hi-thread_interrogators.adb:1422:17: info: length check proved, in instantiation at polyorb_hi_generated-activity.adb:193
polyorb_hi-periodic_task.adb:73:21: info: initialization of "T0" proved, in instantiation at polyorb_hi_generated-activity.ads:101
polyorb_hi-periodic_task.adb:73:21: info: initialization of "T0" proved, in instantiation at polyorb_hi_generated-activity.ads:191
polyorb_hi-periodic_task.adb:75:19: info: initialization of "Next_Start" proved, in instantiation at polyorb_hi_generated-activity.ads:101
polyorb_hi-periodic_task.adb:75:19: info: initialization of "Next_Start" proved, in instantiation at polyorb_hi_generated-activity.ads:191
polyorb_hi-periodic_task.adb:79:28: info: initialization of "Next_Start" proved, in instantiation at polyorb_hi_generated-activity.ads:101
polyorb_hi-periodic_task.adb:79:28: info: initialization of "Next_Start" proved, in instantiation at polyorb_hi_generated-activity.ads:191
polyorb_hi-periodic_task.adb:93:13: info: initialization of "Error" proved, in instantiation at polyorb_hi_generated-activity.ads:101
polyorb_hi-periodic_task.adb:93:13: info: initialization of "Error" proved, in instantiation at polyorb_hi_generated-activity.ads:191
polyorb_hi-periodic_task.adb:109:22: info: initialization of "Next_Start" proved, in instantiation at polyorb_hi_generated-activity.ads:101
polyorb_hi-periodic_task.adb:109:22: info: initialization of "Next_Start" proved, in instantiation at polyorb_hi_generated-activity.ads:191
polyorb_hi-periodic_task.adb:111:31: info: initialization of "Next_Start" proved, in instantiation at polyorb_hi_generated-activity.ads:101
polyorb_hi-periodic_task.adb:111:31: info: initialization of "Next_Start" proved, in instantiation at polyorb_hi_generated-activity.ads:191
