polyorb_hi-utils.adb:39:43: info: length check proved
polyorb_hi-utils.adb:42:33: info: initialization of "R" proved
polyorb_hi-utils.adb:42:33: info: length check proved
polyorb_hi-utils.adb:46:28: info: initialization of "R" proved
polyorb_hi-utils.adb:46:28: info: length check proved
polyorb_hi-utils.adb:46:31: info: range check proved
polyorb_hi-utils.adb:46:31: info: length check proved
polyorb_hi-utils.adb:48:33: info: initialization of "R" proved
polyorb_hi-utils.adb:48:33: info: length check proved
polyorb_hi-utils.adb:52:34: info: initialization of "R" proved
polyorb_hi-utils.adb:52:37: info: range check proved
polyorb_hi-utils.adb:52:37: info: length check proved
polyorb_hi-utils.adb:52:59: info: overflow check proved
polyorb_hi-utils.adb:53:33: info: initialization of "R" proved
polyorb_hi-utils.adb:53:33: info: length check proved
polyorb_hi-utils.adb:82:20: info: division check proved
polyorb_hi-utils.adb:82:32: info: division check proved
polyorb_hi-utils.adb:118:16: info: index check proved
polyorb_hi-utils.adb:119:23: info: overflow check proved
polyorb_hi-utils.adb:124:14: info: initialization of "Last" proved
polyorb_hi-utils.ads:89:19: info: postcondition proved
polyorb_hi-utils.ads:138:09: info: range check proved
