polyorb_hi-output.adb:55:17: info: ceiling priority protocol is respected
polyorb_hi-output.adb:60:17: info: ceiling priority protocol is respected
polyorb_hi-output.adb:65:39: info: range check proved
polyorb_hi-output.adb:111:10: info: initialization of "Start_Time" proved
polyorb_hi-output.adb:114:27: info: initialization of "Start_Time" proved
polyorb_hi-output.adb:116:14: info: initialization of "Elapsed" proved
polyorb_hi-output.adb:171:51: info: length check proved
polyorb_hi-output.adb:172:34: info: length check proved
polyorb_hi-output.adb:182:13: info: initialization of "Index" proved
polyorb_hi-output.adb:183:21: info: initialization of "Index" proved
polyorb_hi-output.adb:183:30: info: initialization of "Index" proved
polyorb_hi-output.adb:183:41: info: initialization of "Output" proved
polyorb_hi-output.adb:183:41: info: length check proved
polyorb_hi-output.adb:184:15: info: range check proved
polyorb_hi-output.adb:184:42: info: division check proved
polyorb_hi-output.adb:185:15: info: range check proved
polyorb_hi-output.adb:185:15: info: length check proved
polyorb_hi-output.adb:185:42: info: division check proved
polyorb_hi-output.adb:186:22: info: initialization of "Index" proved
polyorb_hi-output.adb:186:28: info: range check proved
polyorb_hi-output.adb:188:29: info: initialization of "Output" proved
polyorb_hi-output.adb:194:24: info: initialization of "Output" proved
polyorb_hi-output.adb:202:07: info: range check proved
polyorb_hi-output.adb:202:34: info: overflow check proved
polyorb_hi-output.adb:202:50: info: length check proved
polyorb_hi-output.adb:204:32: info: initialization of "S" proved
polyorb_hi-output.adb:204:32: info: length check proved
polyorb_hi-output.adb:204:35: info: range check proved
polyorb_hi-output.adb:204:35: info: length check proved
polyorb_hi-output.adb:205:35: info: initialization of "S" proved
polyorb_hi-output.adb:205:35: info: length check proved
polyorb_hi-output.adb:205:38: info: length check proved
polyorb_hi-output.adb:205:38: info: range check proved
polyorb_hi-output.adb:207:14: info: initialization of "S" proved
polyorb_hi-output.ads:68:11: low: global input "Output.Elaborated_Variables" of "Put_Line" not read
polyorb_hi-output.ads:74:11: low: global input "Output.Elaborated_Variables" of "Put" not read
